GAS LISTING /tmp/ccQn0qeN.s 			page 1


   1              		.file	"print.cpp"
   2              		.option pic
   3              		.option norelax
   4              		.text
   5              	.Ltext0:
   6              		.align	2
   7              		.globl	_Z14printStringMojPKc
   9              	_Z14printStringMojPKc:
  10              	.LFB57:
  11              		.file 1 "src/print.cpp"
   1:src/print.cpp **** #include "../h/print.hpp"
   2:src/print.cpp **** 
   3:src/print.cpp **** void printStringMoj(char const *string)
   4:src/print.cpp **** {
  12              		.loc 1 4 1
  13              		.cfi_startproc
  14              	.LVL0:
  15 0000 130101FD 		addi	sp,sp,-48
  16              		.cfi_def_cfa_offset 48
  17 0004 23341102 		sd	ra,40(sp)
  18 0008 23308102 		sd	s0,32(sp)
  19 000c 233C9100 		sd	s1,24(sp)
  20              		.cfi_offset 1, -8
  21              		.cfi_offset 8, -16
  22              		.cfi_offset 9, -24
  23 0010 13040103 		addi	s0,sp,48
  24              		.cfi_def_cfa 8, 0
  25 0014 93040500 		mv	s1,a0
   5:src/print.cpp ****     uint64 volatile sstatus = Riscv::r_sstatus();
  26              		.loc 1 5 5
  27              	.LBB14:
  28              	.LBB15:
  29              		.file 2 "src/../h/../h/riscv.hpp"
   1:src/../h/../h/riscv.hpp **** //
   2:src/../h/../h/riscv.hpp **** // Created by os on 5/16/24.
   3:src/../h/../h/riscv.hpp **** //
   4:src/../h/../h/riscv.hpp **** 
   5:src/../h/../h/riscv.hpp **** #ifndef PROJECT_BASE_RISCV_HPP
   6:src/../h/../h/riscv.hpp **** #define PROJECT_BASE_RISCV_HPP
   7:src/../h/../h/riscv.hpp **** // preuzeta sa Teamsa
   8:src/../h/../h/riscv.hpp **** #include "../lib/hw.h"
   9:src/../h/../h/riscv.hpp **** #include "tipovi.hpp"
  10:src/../h/../h/riscv.hpp **** #include "Allocator.hpp"
  11:src/../h/../h/riscv.hpp **** #include "../h/print.hpp"
  12:src/../h/../h/riscv.hpp **** #include "../h/kConsole.hpp"
  13:src/../h/../h/riscv.hpp **** 
  14:src/../h/../h/riscv.hpp **** class Riscv
  15:src/../h/../h/riscv.hpp **** {
  16:src/../h/../h/riscv.hpp **** public:
  17:src/../h/../h/riscv.hpp ****     static void kernelEnd(void* arg);
  18:src/../h/../h/riscv.hpp **** 
  19:src/../h/../h/riscv.hpp ****     // pop sstatus.spp and sstatus.spie bits (has to be a non inline function)
  20:src/../h/../h/riscv.hpp ****     static void popSppSpie();
  21:src/../h/../h/riscv.hpp **** 
  22:src/../h/../h/riscv.hpp ****     // read register scause
  23:src/../h/../h/riscv.hpp ****     static uint64 r_scause();
  24:src/../h/../h/riscv.hpp **** 
GAS LISTING /tmp/ccQn0qeN.s 			page 2


  25:src/../h/../h/riscv.hpp ****     // write register scause
  26:src/../h/../h/riscv.hpp ****     static void w_scause(uint64 scause);
  27:src/../h/../h/riscv.hpp **** 
  28:src/../h/../h/riscv.hpp ****     // read register sepc
  29:src/../h/../h/riscv.hpp ****     static uint64 r_sepc();
  30:src/../h/../h/riscv.hpp **** 
  31:src/../h/../h/riscv.hpp ****     // write register sepc
  32:src/../h/../h/riscv.hpp ****     static void w_sepc(uint64 sepc);
  33:src/../h/../h/riscv.hpp **** 
  34:src/../h/../h/riscv.hpp ****     // read register stvec
  35:src/../h/../h/riscv.hpp ****     static uint64 r_stvec();
  36:src/../h/../h/riscv.hpp **** 
  37:src/../h/../h/riscv.hpp ****     // write register stvec
  38:src/../h/../h/riscv.hpp ****     static void w_stvec(uint64 stvec);
  39:src/../h/../h/riscv.hpp **** 
  40:src/../h/../h/riscv.hpp ****     // read register stval
  41:src/../h/../h/riscv.hpp ****     static uint64 r_stval();
  42:src/../h/../h/riscv.hpp **** 
  43:src/../h/../h/riscv.hpp ****     // write register stval
  44:src/../h/../h/riscv.hpp ****     static void w_stval(uint64 stval);
  45:src/../h/../h/riscv.hpp **** 
  46:src/../h/../h/riscv.hpp ****     enum BitMaskSip
  47:src/../h/../h/riscv.hpp ****     {
  48:src/../h/../h/riscv.hpp ****         SIP_SSIP = (1 << 1),
  49:src/../h/../h/riscv.hpp ****         SIP_STIP = (1 << 5),
  50:src/../h/../h/riscv.hpp ****         SIP_SEIP = (1 << 9),
  51:src/../h/../h/riscv.hpp ****     };
  52:src/../h/../h/riscv.hpp **** 
  53:src/../h/../h/riscv.hpp ****     // mask set register sip
  54:src/../h/../h/riscv.hpp ****     static void ms_sip(uint64 mask);
  55:src/../h/../h/riscv.hpp **** 
  56:src/../h/../h/riscv.hpp ****     // mask clear register sip
  57:src/../h/../h/riscv.hpp ****     static void mc_sip(uint64 mask);
  58:src/../h/../h/riscv.hpp **** 
  59:src/../h/../h/riscv.hpp ****     // read register sip
  60:src/../h/../h/riscv.hpp ****     static uint64 r_sip();
  61:src/../h/../h/riscv.hpp **** 
  62:src/../h/../h/riscv.hpp ****     // write register sip
  63:src/../h/../h/riscv.hpp ****     static void w_sip(uint64 sip);
  64:src/../h/../h/riscv.hpp **** 
  65:src/../h/../h/riscv.hpp ****     enum BitMaskSstatus
  66:src/../h/../h/riscv.hpp ****     {
  67:src/../h/../h/riscv.hpp ****         SSTATUS_SIE = (1 << 1),
  68:src/../h/../h/riscv.hpp ****         SSTATUS_SPIE = (1 << 5),
  69:src/../h/../h/riscv.hpp ****         SSTATUS_SPP = (1 << 8),
  70:src/../h/../h/riscv.hpp ****     };
  71:src/../h/../h/riscv.hpp **** 
  72:src/../h/../h/riscv.hpp ****     static uint64 r_ra();
  73:src/../h/../h/riscv.hpp ****     // mask set register sstatus
  74:src/../h/../h/riscv.hpp ****     static void ms_sstatus(uint64 mask);
  75:src/../h/../h/riscv.hpp **** 
  76:src/../h/../h/riscv.hpp ****     // mask clear register sstatus
  77:src/../h/../h/riscv.hpp ****     static void mc_sstatus(uint64 mask);
  78:src/../h/../h/riscv.hpp **** 
  79:src/../h/../h/riscv.hpp ****     // read register sstatus
  80:src/../h/../h/riscv.hpp ****     static uint64 r_sstatus();
  81:src/../h/../h/riscv.hpp **** 
GAS LISTING /tmp/ccQn0qeN.s 			page 3


  82:src/../h/../h/riscv.hpp ****     // write register sstatus
  83:src/../h/../h/riscv.hpp ****     static void w_sstatus(uint64 sstatus);
  84:src/../h/../h/riscv.hpp **** 
  85:src/../h/../h/riscv.hpp ****     // supervisor trap
  86:src/../h/../h/riscv.hpp ****     static void supervisorTrap();
  87:src/../h/../h/riscv.hpp **** 
  88:src/../h/../h/riscv.hpp **** private:
  89:src/../h/../h/riscv.hpp ****     // supervisor trap handler
  90:src/../h/../h/riscv.hpp ****     static void handleSupervisorTrap();
  91:src/../h/../h/riscv.hpp **** 
  92:src/../h/../h/riscv.hpp **** };
  93:src/../h/../h/riscv.hpp **** 
  94:src/../h/../h/riscv.hpp **** inline uint64 Riscv::r_scause()
  95:src/../h/../h/riscv.hpp **** {
  96:src/../h/../h/riscv.hpp ****     uint64 volatile scause;
  97:src/../h/../h/riscv.hpp ****     __asm__ volatile ("csrr %[scause], scause" : [scause] "=r"(scause));
  98:src/../h/../h/riscv.hpp ****     return scause;
  99:src/../h/../h/riscv.hpp **** }
 100:src/../h/../h/riscv.hpp **** 
 101:src/../h/../h/riscv.hpp **** inline void Riscv::w_scause(uint64 scause)
 102:src/../h/../h/riscv.hpp **** {
 103:src/../h/../h/riscv.hpp ****     __asm__ volatile ("csrw scause, %[scause]" : : [scause] "r"(scause));
 104:src/../h/../h/riscv.hpp **** }
 105:src/../h/../h/riscv.hpp **** 
 106:src/../h/../h/riscv.hpp **** inline uint64 Riscv::r_sepc()
 107:src/../h/../h/riscv.hpp **** {
 108:src/../h/../h/riscv.hpp ****     uint64 volatile sepc;
 109:src/../h/../h/riscv.hpp ****     __asm__ volatile ("csrr %[sepc], sepc" : [sepc] "=r"(sepc));
 110:src/../h/../h/riscv.hpp ****     return sepc;
 111:src/../h/../h/riscv.hpp **** }
 112:src/../h/../h/riscv.hpp **** 
 113:src/../h/../h/riscv.hpp **** inline void Riscv::w_sepc(uint64 sepc)
 114:src/../h/../h/riscv.hpp **** {
 115:src/../h/../h/riscv.hpp ****     __asm__ volatile ("csrw sepc, %[sepc]" : : [sepc] "r"(sepc));
 116:src/../h/../h/riscv.hpp **** }
 117:src/../h/../h/riscv.hpp **** 
 118:src/../h/../h/riscv.hpp **** inline uint64 Riscv::r_stvec()
 119:src/../h/../h/riscv.hpp **** {
 120:src/../h/../h/riscv.hpp ****     uint64 volatile stvec;
 121:src/../h/../h/riscv.hpp ****     __asm__ volatile ("csrr %[stvec], stvec" : [stvec] "=r"(stvec));
 122:src/../h/../h/riscv.hpp ****     return stvec;
 123:src/../h/../h/riscv.hpp **** }
 124:src/../h/../h/riscv.hpp **** 
 125:src/../h/../h/riscv.hpp **** inline void Riscv::w_stvec(uint64 stvec)
 126:src/../h/../h/riscv.hpp **** {
 127:src/../h/../h/riscv.hpp ****     __asm__ volatile ("csrw stvec, %[stvec]" : : [stvec] "r"(stvec));
 128:src/../h/../h/riscv.hpp **** }
 129:src/../h/../h/riscv.hpp **** 
 130:src/../h/../h/riscv.hpp **** inline uint64 Riscv::r_stval()
 131:src/../h/../h/riscv.hpp **** {
 132:src/../h/../h/riscv.hpp ****     uint64 volatile stval;
 133:src/../h/../h/riscv.hpp ****     __asm__ volatile ("csrr %[stval], stval" : [stval] "=r"(stval));
 134:src/../h/../h/riscv.hpp ****     return stval;
 135:src/../h/../h/riscv.hpp **** 
 136:src/../h/../h/riscv.hpp **** }
 137:src/../h/../h/riscv.hpp **** 
 138:src/../h/../h/riscv.hpp **** inline uint64 Riscv::r_ra()
GAS LISTING /tmp/ccQn0qeN.s 			page 4


 139:src/../h/../h/riscv.hpp **** {
 140:src/../h/../h/riscv.hpp ****     uint64 volatile ra;
 141:src/../h/../h/riscv.hpp ****     __asm__ volatile ("mv %[ra], ra" : [ra] "=r"(ra));
 142:src/../h/../h/riscv.hpp ****     return ra;
 143:src/../h/../h/riscv.hpp **** }
 144:src/../h/../h/riscv.hpp **** 
 145:src/../h/../h/riscv.hpp **** inline void Riscv::w_stval(uint64 stval)
 146:src/../h/../h/riscv.hpp **** {
 147:src/../h/../h/riscv.hpp ****     __asm__ volatile ("csrw stval, %[stval]" : : [stval] "r"(stval));
 148:src/../h/../h/riscv.hpp **** }
 149:src/../h/../h/riscv.hpp **** 
 150:src/../h/../h/riscv.hpp **** inline void Riscv::ms_sip(uint64 mask)
 151:src/../h/../h/riscv.hpp **** {
 152:src/../h/../h/riscv.hpp ****     __asm__ volatile ("csrs sip, %[mask]" : : [mask] "r"(mask));
 153:src/../h/../h/riscv.hpp **** }
 154:src/../h/../h/riscv.hpp **** 
 155:src/../h/../h/riscv.hpp **** inline void Riscv::mc_sip(uint64 mask)
 156:src/../h/../h/riscv.hpp **** {
 157:src/../h/../h/riscv.hpp ****     __asm__ volatile ("csrc sip, %[mask]" : : [mask] "r"(mask));
 158:src/../h/../h/riscv.hpp **** }
 159:src/../h/../h/riscv.hpp **** 
 160:src/../h/../h/riscv.hpp **** inline uint64 Riscv::r_sip()
 161:src/../h/../h/riscv.hpp **** {
 162:src/../h/../h/riscv.hpp ****     uint64 volatile sip;
 163:src/../h/../h/riscv.hpp ****     __asm__ volatile ("csrr %[sip], sip" : [sip] "=r"(sip));
 164:src/../h/../h/riscv.hpp ****     return sip;
 165:src/../h/../h/riscv.hpp **** }
 166:src/../h/../h/riscv.hpp **** 
 167:src/../h/../h/riscv.hpp **** inline void Riscv::w_sip(uint64 sip)
 168:src/../h/../h/riscv.hpp **** {
 169:src/../h/../h/riscv.hpp ****     __asm__ volatile ("csrw sip, %[sip]" : : [sip] "r"(sip));
 170:src/../h/../h/riscv.hpp **** }
 171:src/../h/../h/riscv.hpp **** 
 172:src/../h/../h/riscv.hpp **** inline void Riscv::ms_sstatus(uint64 mask)
 173:src/../h/../h/riscv.hpp **** {
 174:src/../h/../h/riscv.hpp ****     __asm__ volatile ("csrs sstatus, %[mask]" : : [mask] "r"(mask));
 175:src/../h/../h/riscv.hpp **** }
 176:src/../h/../h/riscv.hpp **** 
 177:src/../h/../h/riscv.hpp **** inline void Riscv::mc_sstatus(uint64 mask)
 178:src/../h/../h/riscv.hpp **** {
 179:src/../h/../h/riscv.hpp ****     __asm__ volatile ("csrc sstatus, %[mask]" : : [mask] "r"(mask));
 180:src/../h/../h/riscv.hpp **** }
 181:src/../h/../h/riscv.hpp **** 
 182:src/../h/../h/riscv.hpp **** inline uint64 Riscv::r_sstatus()
 183:src/../h/../h/riscv.hpp **** {
 184:src/../h/../h/riscv.hpp ****     uint64 volatile sstatus;
  30              		.loc 2 184 5
 185:src/../h/../h/riscv.hpp ****     __asm__ volatile ("csrr %[sstatus], sstatus" : [sstatus] "=r"(sstatus));
  31              		.loc 2 185 5
  32              		.loc 2 185 76 is_stmt 0
  33              	#APP
  34              	# 185 "src/../h/../h/riscv.hpp" 1
 186              	    return sstatus;
  35              		csrr a5, sstatus
  36              	# 0 "" 2
  37              	#NO_APP
  38 001c 2338F4FC 		sd	a5,-48(s0)
GAS LISTING /tmp/ccQn0qeN.s 			page 5


  39              		.loc 2 186 5 is_stmt 1
  40              		.loc 2 186 12 is_stmt 0
  41 0020 833704FD 		ld	a5,-48(s0)
  42              	.LBE15:
  43              	.LBE14:
  44              		.loc 1 5 48
  45 0024 233CF4FC 		sd	a5,-40(s0)
   6:src/print.cpp ****     Riscv::mc_sstatus(Riscv::SSTATUS_SIE);
  46              		.loc 1 6 5 is_stmt 1
  47              	.LVL1:
  48              	.LBB16:
  49              	.LBB17:
 179:src/../h/../h/riscv.hpp **** }
  50              		.loc 2 179 5
 179:src/../h/../h/riscv.hpp **** }
  51              		.loc 2 179 68 is_stmt 0
  52 0028 93072000 		li	a5,2
  53              	#APP
  54              	# 179 "src/../h/../h/riscv.hpp" 1
  55              		csrc sstatus, a5
  56              	# 0 "" 2
  57              	.LVL2:
  58              	#NO_APP
  59              	.L3:
  60              	.LBE17:
  61              	.LBE16:
   7:src/print.cpp ****     while (*string != '\0')
  62              		.loc 1 7 5 is_stmt 1
  63              		.loc 1 7 20
  64              		.loc 1 7 12 is_stmt 0
  65 0030 03C50400 		lbu	a0,0(s1)
  66              		.loc 1 7 20
  67 0034 630A0500 		beqz	a0,.L2
   8:src/print.cpp ****     {
   9:src/print.cpp ****         kConsole::kputc(*string);
  68              		.loc 1 9 9 is_stmt 1
  69              		.loc 1 9 24 is_stmt 0
  70 0038 97000000 		call	_ZN8kConsole5kputcEc@plt
  70      E7800000 
  71              	.LVL3:
  10:src/print.cpp ****         string++;
  72              		.loc 1 10 9 is_stmt 1
  73              		.loc 1 10 15 is_stmt 0
  74 0040 93841400 		addi	s1,s1,1
  75              	.LVL4:
   7:src/print.cpp ****     while (*string != '\0')
  76              		.loc 1 7 5
  77 0044 6FF0DFFE 		j	.L3
  78              	.L2:
  11:src/print.cpp ****     }
  12:src/print.cpp ****     Riscv::ms_sstatus(sstatus & Riscv::SSTATUS_SIE ? Riscv::SSTATUS_SIE : 0);
  79              		.loc 1 12 5 is_stmt 1
  80              		.loc 1 12 52 is_stmt 0
  81 0048 833784FD 		ld	a5,-40(s0)
  82 004c 9B870700 		sext.w	a5,a5
  83              		.loc 1 12 22
  84 0050 93F72700 		andi	a5,a5,2
GAS LISTING /tmp/ccQn0qeN.s 			page 6


  85 0054 9B870700 		sext.w	a5,a5
  86              	.LVL5:
  87              	.LBB18:
  88              	.LBB19:
 174:src/../h/../h/riscv.hpp **** }
  89              		.loc 2 174 5 is_stmt 1
 174:src/../h/../h/riscv.hpp **** }
  90              		.loc 2 174 68 is_stmt 0
  91              	#APP
  92              	# 174 "src/../h/../h/riscv.hpp" 1
  93              		csrs sstatus, a5
  94              	# 0 "" 2
  95              	.LVL6:
  96              	#NO_APP
  97              	.LBE19:
  98              	.LBE18:
  13:src/print.cpp **** }
  99              		.loc 1 13 1
 100 005c 83308102 		ld	ra,40(sp)
 101              		.cfi_restore 1
 102 0060 03340102 		ld	s0,32(sp)
 103              		.cfi_restore 8
 104              		.cfi_def_cfa 2, 48
 105 0064 83348101 		ld	s1,24(sp)
 106              		.cfi_restore 9
 107              	.LVL7:
 108 0068 13010103 		addi	sp,sp,48
 109              		.cfi_def_cfa_offset 0
 110 006c 67800000 		jr	ra
 111              		.cfi_endproc
 112              	.LFE57:
 114              		.align	2
 115              		.globl	_Z15printIntegerMojm
 117              	_Z15printIntegerMojm:
 118              	.LFB58:
  14:src/print.cpp **** 
  15:src/print.cpp **** void printIntegerMoj(uint64 integer)
  16:src/print.cpp **** {
 119              		.loc 1 16 1 is_stmt 1
 120              		.cfi_startproc
 121              	.LVL8:
 122 0070 130101FC 		addi	sp,sp,-64
 123              		.cfi_def_cfa_offset 64
 124 0074 233C1102 		sd	ra,56(sp)
 125 0078 23388102 		sd	s0,48(sp)
 126 007c 23349102 		sd	s1,40(sp)
 127 0080 23302103 		sd	s2,32(sp)
 128              		.cfi_offset 1, -8
 129              		.cfi_offset 8, -16
 130              		.cfi_offset 9, -24
 131              		.cfi_offset 18, -32
 132 0084 13040104 		addi	s0,sp,64
 133              		.cfi_def_cfa 8, 0
  17:src/print.cpp ****     uint64 sstatus = Riscv::r_sstatus();
 134              		.loc 1 17 5
 135              	.LBB20:
 136              	.LBB21:
GAS LISTING /tmp/ccQn0qeN.s 			page 7


 184:src/../h/../h/riscv.hpp ****     __asm__ volatile ("csrr %[sstatus], sstatus" : [sstatus] "=r"(sstatus));
 137              		.loc 2 184 5
 185:src/../h/../h/riscv.hpp ****     return sstatus;
 138              		.loc 2 185 5
 185:src/../h/../h/riscv.hpp ****     return sstatus;
 139              		.loc 2 185 76 is_stmt 0
 140              	#APP
 141              	# 185 "src/../h/../h/riscv.hpp" 1
 142              		csrr a5, sstatus
 143              	# 0 "" 2
 144              	#NO_APP
 145 008c 2334F4FC 		sd	a5,-56(s0)
 146              		.loc 2 186 5 is_stmt 1
 147              		.loc 2 186 12 is_stmt 0
 148 0090 033984FC 		ld	s2,-56(s0)
 149              	.LVL9:
 150              	.LBE21:
 151              	.LBE20:
  18:src/print.cpp ****     Riscv::mc_sstatus(Riscv::SSTATUS_SIE);
 152              		.loc 1 18 5 is_stmt 1
 153              	.LBB22:
 154              	.LBB23:
 179:src/../h/../h/riscv.hpp **** }
 155              		.loc 2 179 5
 179:src/../h/../h/riscv.hpp **** }
 156              		.loc 2 179 68 is_stmt 0
 157 0094 93072000 		li	a5,2
 158              	#APP
 159              	# 179 "src/../h/../h/riscv.hpp" 1
 160              		csrc sstatus, a5
 161              	# 0 "" 2
 162              	.LVL10:
 163              	#NO_APP
 164              	.LBE23:
 165              	.LBE22:
  19:src/print.cpp ****     static char digits[] = "0123456789";
 166              		.loc 1 19 5 is_stmt 1
  20:src/print.cpp ****     char buf[16];
 167              		.loc 1 20 5
  21:src/print.cpp ****     int i, neg;
 168              		.loc 1 21 5
  22:src/print.cpp ****     uint x;
 169              		.loc 1 22 5
  23:src/print.cpp **** 
  24:src/print.cpp ****     neg = 0;
 170              		.loc 1 24 5
  25:src/print.cpp ****     if (integer < 0)
 171              		.loc 1 25 5
  26:src/print.cpp ****     {
  27:src/print.cpp ****         neg = 1;
  28:src/print.cpp ****         x = -integer;
  29:src/print.cpp ****     } else
  30:src/print.cpp ****     {
  31:src/print.cpp ****         x = integer;
 172              		.loc 1 31 9
 173              		.loc 1 31 11 is_stmt 0
 174 009c 1B050500 		sext.w	a0,a0
GAS LISTING /tmp/ccQn0qeN.s 			page 8


 175              	.LVL11:
  32:src/print.cpp ****     }
  33:src/print.cpp **** 
  34:src/print.cpp ****     i = 0;
 176              		.loc 1 34 5 is_stmt 1
 177              		.loc 1 34 7 is_stmt 0
 178 00a0 93040000 		li	s1,0
 179              	.LVL12:
 180              	.L6:
  35:src/print.cpp ****     do
 181              		.loc 1 35 5 is_stmt 1
  36:src/print.cpp ****     {
  37:src/print.cpp ****         buf[i++] = digits[x % 10];
 182              		.loc 1 37 9
 183              		.loc 1 37 29 is_stmt 0
 184 00a4 1306A000 		li	a2,10
 185 00a8 3B77C502 		remuw	a4,a0,a2
 186              	.LVL13:
 187              		.loc 1 37 33
 188 00ac 93160702 		slli	a3,a4,32
 189 00b0 93D60602 		srli	a3,a3,32
 190 00b4 17070000 		lla	a4,.LANCHOR0
 190      13070700 
 191 00bc 3307D700 		add	a4,a4,a3
 192 00c0 03470700 		lbu	a4,0(a4)
 193              		.loc 1 37 18
 194 00c4 930604FE 		addi	a3,s0,-32
 195 00c8 B3879600 		add	a5,a3,s1
 196 00cc 9B841400 		addiw	s1,s1,1
 197              	.LVL14:
 198 00d0 2388E7FE 		sb	a4,-16(a5)
  38:src/print.cpp ****     } while ((x /= 10) != 0);
 199              		.loc 1 38 24 is_stmt 1
 200 00d4 1B070500 		sext.w	a4,a0
 201              		.loc 1 38 17 is_stmt 0
 202 00d8 3B55C502 		divuw	a0,a0,a2
 203              	.LVL15:
 204              		.loc 1 38 24
 205 00dc 93079000 		li	a5,9
 206 00e0 E3E2E7FC 		bgtu	a4,a5,.L6
 207              	.LVL16:
 208              	.L8:
  39:src/print.cpp ****     if (neg)
  40:src/print.cpp ****         buf[i++] = '-';
  41:src/print.cpp **** 
  42:src/print.cpp ****     while (--i >= 0) { kConsole::kputc(buf[i]); }
 209              		.loc 1 42 5 is_stmt 1
 210              		.loc 1 42 16
 211 00e4 9B84F4FF 		addiw	s1,s1,-1
 212              	.LVL17:
 213 00e8 63CE0400 		bltz	s1,.L7
 214              		.loc 1 42 24 discriminator 1
 215              		.loc 1 42 39 is_stmt 0 discriminator 1
 216 00ec 930704FE 		addi	a5,s0,-32
 217 00f0 B3879700 		add	a5,a5,s1
 218 00f4 03C507FF 		lbu	a0,-16(a5)
 219 00f8 97000000 		call	_ZN8kConsole5kputcEc@plt
GAS LISTING /tmp/ccQn0qeN.s 			page 9


 219      E7800000 
 220              	.LVL18:
 221 0100 6FF05FFE 		j	.L8
 222              	.L7:
  43:src/print.cpp ****     Riscv::ms_sstatus(sstatus & Riscv::SSTATUS_SIE ? Riscv::SSTATUS_SIE : 0);
 223              		.loc 1 43 5 is_stmt 1
 224              		.loc 1 43 52 is_stmt 0
 225 0104 1B090900 		sext.w	s2,s2
 226              	.LVL19:
 227              		.loc 1 43 22
 228 0108 13792900 		andi	s2,s2,2
 229 010c 1B090900 		sext.w	s2,s2
 230              	.LVL20:
 231              	.LBB24:
 232              	.LBB25:
 174:src/../h/../h/riscv.hpp **** }
 233              		.loc 2 174 5 is_stmt 1
 174:src/../h/../h/riscv.hpp **** }
 234              		.loc 2 174 68 is_stmt 0
 235              	#APP
 236              	# 174 "src/../h/../h/riscv.hpp" 1
 237              		csrs sstatus, s2
 238              	# 0 "" 2
 239              	.LVL21:
 240              	#NO_APP
 241              	.LBE25:
 242              	.LBE24:
  44:src/print.cpp **** }...
 243              		.loc 1 44 1
 244 0114 83308103 		ld	ra,56(sp)
 245              		.cfi_restore 1
 246 0118 03340103 		ld	s0,48(sp)
 247              		.cfi_restore 8
 248              		.cfi_def_cfa 2, 64
 249 011c 83348102 		ld	s1,40(sp)
 250              		.cfi_restore 9
 251 0120 03390102 		ld	s2,32(sp)
 252              		.cfi_restore 18
 253 0124 13010104 		addi	sp,sp,64
 254              		.cfi_def_cfa_offset 0
 255 0128 67800000 		jr	ra
 256              		.cfi_endproc
 257              	.LFE58:
 259              		.section	.rodata
 260              		.align	3
 261              		.set	.LANCHOR0,. + 0
 264              	_ZZ15printIntegerMojmE6digits:
 265 0000 30313233 		.string	"0123456789"
 265      34353637 
 265      383900
 266              		.text
 267              	.Letext0:
 268              		.file 3 "src/../h/../lib/hw.h"
 269              		.file 4 "src/../h/../h/tipovi.hpp"
 270              		.file 5 "src/../h/../h/../h/../h/../h/../h/sem.hpp"
 271              		.file 6 "src/../h/../h/../h/../h/../h/tcb.hpp"
 272              		.file 7 "src/../h/../h/../h/../h/../h/../h/../h/list.hpp"
GAS LISTING /tmp/ccQn0qeN.s 			page 10


 273              		.file 8 "src/../h/../h/../h/../h/kBuffer.hpp"
 274              		.file 9 "src/../h/../h/../h/kConsole.hpp"
GAS LISTING /tmp/ccQn0qeN.s 			page 11


DEFINED SYMBOLS
                            *ABS*:0000000000000000 print.cpp
     /tmp/ccQn0qeN.s:9      .text:0000000000000000 _Z14printStringMojPKc
     /tmp/ccQn0qeN.s:13     .text:0000000000000000 .L0 
     /tmp/ccQn0qeN.s:15     .text:0000000000000000 .L0 
     /tmp/ccQn0qeN.s:16     .text:0000000000000004 .L0 
     /tmp/ccQn0qeN.s:20     .text:0000000000000010 .L0 
     /tmp/ccQn0qeN.s:21     .text:0000000000000010 .L0 
     /tmp/ccQn0qeN.s:22     .text:0000000000000010 .L0 
     /tmp/ccQn0qeN.s:24     .text:0000000000000014 .L0 
     /tmp/ccQn0qeN.s:30     .text:0000000000000018 .L0 
     /tmp/ccQn0qeN.s:31     .text:0000000000000018 .L0 
     /tmp/ccQn0qeN.s:32     .text:0000000000000018 .L0 
src/../h/../h/riscv.hpp:185    .text:0000000000000018 .L0 
     /tmp/ccQn0qeN.s:40     .text:0000000000000020 .L0 
     /tmp/ccQn0qeN.s:41     .text:0000000000000020 .L0 
     /tmp/ccQn0qeN.s:45     .text:0000000000000024 .L0 
     /tmp/ccQn0qeN.s:50     .text:0000000000000028 .L0 
     /tmp/ccQn0qeN.s:51     .text:0000000000000028 .L0 
     /tmp/ccQn0qeN.s:52     .text:0000000000000028 .L0 
     /tmp/ccQn0qeN.s:63     .text:0000000000000030 .L0 
     /tmp/ccQn0qeN.s:64     .text:0000000000000030 .L0 
     /tmp/ccQn0qeN.s:65     .text:0000000000000030 .L0 
     /tmp/ccQn0qeN.s:67     .text:0000000000000034 .L0 
     /tmp/ccQn0qeN.s:69     .text:0000000000000038 .L0 
     /tmp/ccQn0qeN.s:70     .text:0000000000000038 .L0 
     /tmp/ccQn0qeN.s:73     .text:0000000000000040 .L0 
     /tmp/ccQn0qeN.s:74     .text:0000000000000040 .L0 
     /tmp/ccQn0qeN.s:77     .text:0000000000000044 .L0 
     /tmp/ccQn0qeN.s:80     .text:0000000000000048 .L0 
     /tmp/ccQn0qeN.s:81     .text:0000000000000048 .L0 
     /tmp/ccQn0qeN.s:84     .text:0000000000000050 .L0 
     /tmp/ccQn0qeN.s:90     .text:0000000000000058 .L0 
src/../h/../h/riscv.hpp:174    .text:0000000000000058 .L0 
     /tmp/ccQn0qeN.s:100    .text:000000000000005c .L0 
     /tmp/ccQn0qeN.s:101    .text:0000000000000060 .L0 
     /tmp/ccQn0qeN.s:103    .text:0000000000000064 .L0 
     /tmp/ccQn0qeN.s:104    .text:0000000000000064 .L0 
     /tmp/ccQn0qeN.s:106    .text:0000000000000068 .L0 
     /tmp/ccQn0qeN.s:109    .text:000000000000006c .L0 
     /tmp/ccQn0qeN.s:111    .text:0000000000000070 .L0 
     /tmp/ccQn0qeN.s:117    .text:0000000000000070 _Z15printIntegerMojm
     /tmp/ccQn0qeN.s:120    .text:0000000000000070 .L0 
     /tmp/ccQn0qeN.s:122    .text:0000000000000070 .L0 
     /tmp/ccQn0qeN.s:123    .text:0000000000000074 .L0 
     /tmp/ccQn0qeN.s:128    .text:0000000000000084 .L0 
     /tmp/ccQn0qeN.s:129    .text:0000000000000084 .L0 
     /tmp/ccQn0qeN.s:130    .text:0000000000000084 .L0 
     /tmp/ccQn0qeN.s:131    .text:0000000000000084 .L0 
     /tmp/ccQn0qeN.s:133    .text:0000000000000088 .L0 
     /tmp/ccQn0qeN.s:137    .text:0000000000000088 .L0 
     /tmp/ccQn0qeN.s:138    .text:0000000000000088 .L0 
     /tmp/ccQn0qeN.s:139    .text:0000000000000088 .L0 
src/../h/../h/riscv.hpp:185    .text:0000000000000088 .L0 
     /tmp/ccQn0qeN.s:147    .text:0000000000000090 .L0 
     /tmp/ccQn0qeN.s:148    .text:0000000000000090 .L0 
     /tmp/ccQn0qeN.s:155    .text:0000000000000094 .L0 
GAS LISTING /tmp/ccQn0qeN.s 			page 12


     /tmp/ccQn0qeN.s:156    .text:0000000000000094 .L0 
     /tmp/ccQn0qeN.s:157    .text:0000000000000094 .L0 
     /tmp/ccQn0qeN.s:167    .text:000000000000009c .L0 
     /tmp/ccQn0qeN.s:168    .text:000000000000009c .L0 
     /tmp/ccQn0qeN.s:169    .text:000000000000009c .L0 
     /tmp/ccQn0qeN.s:170    .text:000000000000009c .L0 
     /tmp/ccQn0qeN.s:171    .text:000000000000009c .L0 
     /tmp/ccQn0qeN.s:172    .text:000000000000009c .L0 
     /tmp/ccQn0qeN.s:173    .text:000000000000009c .L0 
     /tmp/ccQn0qeN.s:174    .text:000000000000009c .L0 
     /tmp/ccQn0qeN.s:177    .text:00000000000000a0 .L0 
     /tmp/ccQn0qeN.s:178    .text:00000000000000a0 .L0 
     /tmp/ccQn0qeN.s:182    .text:00000000000000a4 .L0 
     /tmp/ccQn0qeN.s:183    .text:00000000000000a4 .L0 
     /tmp/ccQn0qeN.s:184    .text:00000000000000a4 .L0 
     /tmp/ccQn0qeN.s:188    .text:00000000000000ac .L0 
     /tmp/ccQn0qeN.s:194    .text:00000000000000c4 .L0 
     /tmp/ccQn0qeN.s:200    .text:00000000000000d4 .L0 
     /tmp/ccQn0qeN.s:202    .text:00000000000000d8 .L0 
     /tmp/ccQn0qeN.s:205    .text:00000000000000dc .L0 
     /tmp/ccQn0qeN.s:210    .text:00000000000000e4 .L0 
     /tmp/ccQn0qeN.s:211    .text:00000000000000e4 .L0 
     /tmp/ccQn0qeN.s:215    .text:00000000000000ec .L0 
     /tmp/ccQn0qeN.s:216    .text:00000000000000ec .L0 
     /tmp/ccQn0qeN.s:224    .text:0000000000000104 .L0 
     /tmp/ccQn0qeN.s:225    .text:0000000000000104 .L0 
     /tmp/ccQn0qeN.s:228    .text:0000000000000108 .L0 
     /tmp/ccQn0qeN.s:234    .text:0000000000000110 .L0 
src/../h/../h/riscv.hpp:174    .text:0000000000000110 .L0 
     /tmp/ccQn0qeN.s:244    .text:0000000000000114 .L0 
     /tmp/ccQn0qeN.s:245    .text:0000000000000118 .L0 
     /tmp/ccQn0qeN.s:247    .text:000000000000011c .L0 
     /tmp/ccQn0qeN.s:248    .text:000000000000011c .L0 
     /tmp/ccQn0qeN.s:250    .text:0000000000000120 .L0 
     /tmp/ccQn0qeN.s:252    .text:0000000000000124 .L0 
     /tmp/ccQn0qeN.s:254    .text:0000000000000128 .L0 
     /tmp/ccQn0qeN.s:256    .text:000000000000012c .L0 
     /tmp/ccQn0qeN.s:261    .rodata:0000000000000000 .LANCHOR0
     /tmp/ccQn0qeN.s:264    .rodata:0000000000000000 _ZZ15printIntegerMojmE6digits
     /tmp/ccQn0qeN.s:275    .text:000000000000012c .L0 
     /tmp/ccQn0qeN.s:190    .text:00000000000000b4 .L0 
     /tmp/ccQn0qeN.s:78     .text:0000000000000048 .L2
     /tmp/ccQn0qeN.s:59     .text:0000000000000030 .L3
     /tmp/ccQn0qeN.s:180    .text:00000000000000a4 .L6
     /tmp/ccQn0qeN.s:222    .text:0000000000000104 .L7
     /tmp/ccQn0qeN.s:208    .text:00000000000000e4 .L8
     /tmp/ccQn0qeN.s:2002   .debug_abbrev:0000000000000000 .Ldebug_abbrev0
     /tmp/ccQn0qeN.s:3599   .debug_str:0000000000000acf .LASF209
     /tmp/ccQn0qeN.s:3265   .debug_str:00000000000000cb .LASF210
     /tmp/ccQn0qeN.s:3567   .debug_str:00000000000009f9 .LASF211
     /tmp/ccQn0qeN.s:5      .text:0000000000000000 .Ltext0
     /tmp/ccQn0qeN.s:267    .text:000000000000012c .Letext0
     /tmp/ccQn0qeN.s:3237   .debug_line:0000000000000000 .Ldebug_line0
     /tmp/ccQn0qeN.s:3387   .debug_str:00000000000004b9 .LASF0
     /tmp/ccQn0qeN.s:3525   .debug_str:00000000000008d0 .LASF3
     /tmp/ccQn0qeN.s:3421   .debug_str:00000000000005e1 .LASF1
     /tmp/ccQn0qeN.s:3535   .debug_str:000000000000090e .LASF2
GAS LISTING /tmp/ccQn0qeN.s 			page 13


     /tmp/ccQn0qeN.s:3545   .debug_str:0000000000000956 .LASF4
     /tmp/ccQn0qeN.s:3403   .debug_str:000000000000052a .LASF5
     /tmp/ccQn0qeN.s:3255   .debug_str:0000000000000087 .LASF6
     /tmp/ccQn0qeN.s:3509   .debug_str:0000000000000857 .LASF7
     /tmp/ccQn0qeN.s:3499   .debug_str:0000000000000810 .LASF8
     /tmp/ccQn0qeN.s:3413   .debug_str:0000000000000597 .LASF9
     /tmp/ccQn0qeN.s:3359   .debug_str:00000000000003e2 .LASF10
     /tmp/ccQn0qeN.s:3369   .debug_str:000000000000043e .LASF11
     /tmp/ccQn0qeN.s:3293   .debug_str:00000000000001ab .LASF12
     /tmp/ccQn0qeN.s:3347   .debug_str:0000000000000397 .LASF13
     /tmp/ccQn0qeN.s:3311   .debug_str:0000000000000240 .LASF14
     /tmp/ccQn0qeN.s:3291   .debug_str:000000000000019b .LASF15
     /tmp/ccQn0qeN.s:3579   .debug_str:0000000000000a4f .LASF16
     /tmp/ccQn0qeN.s:3335   .debug_str:00000000000002fe .LASF17
     /tmp/ccQn0qeN.s:3565   .debug_str:00000000000009e3 .LASF18
     /tmp/ccQn0qeN.s:3659   .debug_str:0000000000000d29 .LASF19
     /tmp/ccQn0qeN.s:3623   .debug_str:0000000000000c4f .LASF32
     /tmp/ccQn0qeN.s:3361   .debug_str:00000000000003f2 .LASF34
     /tmp/ccQn0qeN.s:3655   .debug_str:0000000000000d15 .LASF20
     /tmp/ccQn0qeN.s:3415   .debug_str:00000000000005aa .LASF22
     /tmp/ccQn0qeN.s:3429   .debug_str:0000000000000618 .LASF21
     /tmp/ccQn0qeN.s:3287   .debug_str:0000000000000164 .LASF23
     /tmp/ccQn0qeN.s:3269   .debug_str:00000000000000e0 .LASF24
     /tmp/ccQn0qeN.s:3357   .debug_str:00000000000003c6 .LASF25
     /tmp/ccQn0qeN.s:3329   .debug_str:00000000000002d2 .LASF26
     /tmp/ccQn0qeN.s:3295   .debug_str:00000000000001ba .LASF27
     /tmp/ccQn0qeN.s:3581   .debug_str:0000000000000a5b .LASF28
     /tmp/ccQn0qeN.s:3661   .debug_str:0000000000000d2f .LASF29
     /tmp/ccQn0qeN.s:3377   .debug_str:0000000000000474 .LASF30
     /tmp/ccQn0qeN.s:3341   .debug_str:0000000000000348 .LASF31
     /tmp/ccQn0qeN.s:3319   .debug_str:0000000000000282 .LASF33
     /tmp/ccQn0qeN.s:3493   .debug_str:00000000000007e0 .LASF35
     /tmp/ccQn0qeN.s:3569   .debug_str:0000000000000a10 .LASF50
     /tmp/ccQn0qeN.s:3673   .debug_str:0000000000000d9c .LASF36
     /tmp/ccQn0qeN.s:3437   .debug_str:0000000000000655 .LASF37
     /tmp/ccQn0qeN.s:3243   .debug_str:000000000000000c .LASF40
     /tmp/ccQn0qeN.s:3459   .debug_str:0000000000000711 .LASF42
     /tmp/ccQn0qeN.s:3285   .debug_str:0000000000000154 .LASF38
     /tmp/ccQn0qeN.s:3427   .debug_str:0000000000000604 .LASF39
     /tmp/ccQn0qeN.s:3563   .debug_str:00000000000009d0 .LASF41
     /tmp/ccQn0qeN.s:3557   .debug_str:0000000000000993 .LASF43
     /tmp/ccQn0qeN.s:3483   .debug_str:000000000000079d .LASF44
     /tmp/ccQn0qeN.s:3507   .debug_str:000000000000084d .LASF45
     /tmp/ccQn0qeN.s:3385   .debug_str:00000000000004b3 .LASF46
     /tmp/ccQn0qeN.s:3339   .debug_str:0000000000000330 .LASF47
     /tmp/ccQn0qeN.s:3245   .debug_str:000000000000001c .LASF48
     /tmp/ccQn0qeN.s:3595   .debug_str:0000000000000aa8 .LASF49
     /tmp/ccQn0qeN.s:3587   .debug_str:0000000000000a7e .LASF212
     /tmp/ccQn0qeN.s:3325   .debug_str:00000000000002c3 .LASF51
     /tmp/ccQn0qeN.s:3589   .debug_str:0000000000000a86 .LASF52
     /tmp/ccQn0qeN.s:3473   .debug_str:0000000000000768 .LASF53
     /tmp/ccQn0qeN.s:3277   .debug_str:000000000000010f .LASF54
     /tmp/ccQn0qeN.s:3621   .debug_str:0000000000000c38 .LASF55
     /tmp/ccQn0qeN.s:3447   .debug_str:000000000000069c .LASF56
     /tmp/ccQn0qeN.s:3633   .debug_str:0000000000000c79 .LASF57
     /tmp/ccQn0qeN.s:3641   .debug_str:0000000000000cb7 .LASF58
     /tmp/ccQn0qeN.s:3667   .debug_str:0000000000000d57 .LASF59
GAS LISTING /tmp/ccQn0qeN.s 			page 14


     /tmp/ccQn0qeN.s:3489   .debug_str:00000000000007cf .LASF213
     /tmp/ccQn0qeN.s:3517   .debug_str:000000000000089b .LASF60
     /tmp/ccQn0qeN.s:3445   .debug_str:000000000000068a .LASF61
     /tmp/ccQn0qeN.s:3577   .debug_str:0000000000000a41 .LASF62
     /tmp/ccQn0qeN.s:3321   .debug_str:000000000000028a .LASF63
     /tmp/ccQn0qeN.s:3425   .debug_str:00000000000005fe .LASF72
     /tmp/ccQn0qeN.s:3601   .debug_str:0000000000000b93 .LASF74
     /tmp/ccQn0qeN.s:3353   .debug_str:00000000000003b2 .LASF64
     /tmp/ccQn0qeN.s:3585   .debug_str:0000000000000a75 .LASF65
     /tmp/ccQn0qeN.s:3365   .debug_str:0000000000000416 .LASF66
     /tmp/ccQn0qeN.s:3443   .debug_str:000000000000067d .LASF67
     /tmp/ccQn0qeN.s:3355   .debug_str:00000000000003ba .LASF68
     /tmp/ccQn0qeN.s:3537   .debug_str:000000000000091c .LASF69
     /tmp/ccQn0qeN.s:3547   .debug_str:000000000000095d .LASF70
     /tmp/ccQn0qeN.s:3251   .debug_str:0000000000000066 .LASF71
     /tmp/ccQn0qeN.s:3327   .debug_str:00000000000002c9 .LASF73
     /tmp/ccQn0qeN.s:3303   .debug_str:00000000000001fc .LASF75
     /tmp/ccQn0qeN.s:3669   .debug_str:0000000000000d6d .LASF214
     /tmp/ccQn0qeN.s:3241   .debug_str:0000000000000007 .LASF76
     /tmp/ccQn0qeN.s:3665   .debug_str:0000000000000d51 .LASF77
     /tmp/ccQn0qeN.s:3617   .debug_str:0000000000000c21 .LASF78
     /tmp/ccQn0qeN.s:3603   .debug_str:0000000000000ba3 .LASF79
     /tmp/ccQn0qeN.s:3613   .debug_str:0000000000000c04 .LASF80
     /tmp/ccQn0qeN.s:3491   .debug_str:00000000000007d4 .LASF81
     /tmp/ccQn0qeN.s:3467   .debug_str:0000000000000745 .LASF82
     /tmp/ccQn0qeN.s:3643   .debug_str:0000000000000cc2 .LASF83
     /tmp/ccQn0qeN.s:3531   .debug_str:00000000000008f1 .LASF84
     /tmp/ccQn0qeN.s:3513   .debug_str:000000000000087e .LASF85
     /tmp/ccQn0qeN.s:3283   .debug_str:0000000000000146 .LASF196
     /tmp/ccQn0qeN.s:3431   .debug_str:0000000000000620 .LASF198
     /tmp/ccQn0qeN.s:3317   .debug_str:0000000000000274 .LASF148
     /tmp/ccQn0qeN.s:3249   .debug_str:000000000000003e .LASF150
     /tmp/ccQn0qeN.s:3553   .debug_str:000000000000097c .LASF88
     /tmp/ccQn0qeN.s:3543   .debug_str:000000000000094b .LASF86
     /tmp/ccQn0qeN.s:3657   .debug_str:0000000000000d1e .LASF87
     /tmp/ccQn0qeN.s:3371   .debug_str:000000000000044c .LASF89
     /tmp/ccQn0qeN.s:3239   .debug_str:0000000000000000 .LASF90
     /tmp/ccQn0qeN.s:3309   .debug_str:0000000000000235 .LASF91
     /tmp/ccQn0qeN.s:3501   .debug_str:0000000000000823 .LASF92
     /tmp/ccQn0qeN.s:3629   .debug_str:0000000000000c6a .LASF215
     /tmp/ccQn0qeN.s:3571   .debug_str:0000000000000a21 .LASF93
     /tmp/ccQn0qeN.s:3477   .debug_str:0000000000000787 .LASF94
     /tmp/ccQn0qeN.s:3465   .debug_str:0000000000000740 .LASF95
     /tmp/ccQn0qeN.s:3583   .debug_str:0000000000000a62 .LASF96
     /tmp/ccQn0qeN.s:3345   .debug_str:0000000000000380 .LASF97
     /tmp/ccQn0qeN.s:3539   .debug_str:0000000000000929 .LASF216
     /tmp/ccQn0qeN.s:3529   .debug_str:00000000000008da .LASF217
     /tmp/ccQn0qeN.s:3419   .debug_str:00000000000005d8 .LASF98
     /tmp/ccQn0qeN.s:3289   .debug_str:000000000000017e .LASF99
     /tmp/ccQn0qeN.s:3439   .debug_str:0000000000000669 .LASF100
     /tmp/ccQn0qeN.s:3337   .debug_str:0000000000000314 .LASF101
     /tmp/ccQn0qeN.s:3495   .debug_str:00000000000007fe .LASF102
     /tmp/ccQn0qeN.s:3645   .debug_str:0000000000000cd0 .LASF103
     /tmp/ccQn0qeN.s:3679   .debug_str:0000000000000dba .LASF104
     /tmp/ccQn0qeN.s:3313   .debug_str:0000000000000250 .LASF105
     /tmp/ccQn0qeN.s:3559   .debug_str:00000000000009a8 .LASF106
     /tmp/ccQn0qeN.s:3411   .debug_str:000000000000057a .LASF107
GAS LISTING /tmp/ccQn0qeN.s 			page 15


     /tmp/ccQn0qeN.s:3523   .debug_str:00000000000008c7 .LASF108
     /tmp/ccQn0qeN.s:3247   .debug_str:0000000000000024 .LASF109
     /tmp/ccQn0qeN.s:3301   .debug_str:00000000000001ee .LASF110
     /tmp/ccQn0qeN.s:3605   .debug_str:0000000000000bad .LASF111
     /tmp/ccQn0qeN.s:3407   .debug_str:000000000000054c .LASF112
     /tmp/ccQn0qeN.s:3333   .debug_str:00000000000002dd .LASF113
     /tmp/ccQn0qeN.s:3527   .debug_str:00000000000008d5 .LASF114
     /tmp/ccQn0qeN.s:3591   .debug_str:0000000000000a91 .LASF115
     /tmp/ccQn0qeN.s:3463   .debug_str:0000000000000738 .LASF116
     /tmp/ccQn0qeN.s:3351   .debug_str:00000000000003ab .LASF117
     /tmp/ccQn0qeN.s:3619   .debug_str:0000000000000c29 .LASF118
     /tmp/ccQn0qeN.s:3451   .debug_str:00000000000006be .LASF119
     /tmp/ccQn0qeN.s:3423   .debug_str:00000000000005f4 .LASF120
     /tmp/ccQn0qeN.s:3631   .debug_str:0000000000000c6f .LASF121
     /tmp/ccQn0qeN.s:3519   .debug_str:00000000000008a3 .LASF122
     /tmp/ccQn0qeN.s:3637   .debug_str:0000000000000ca1 .LASF123
     /tmp/ccQn0qeN.s:3373   .debug_str:0000000000000459 .LASF124
     /tmp/ccQn0qeN.s:3457   .debug_str:0000000000000700 .LASF125
     /tmp/ccQn0qeN.s:3363   .debug_str:0000000000000406 .LASF126
     /tmp/ccQn0qeN.s:3315   .debug_str:000000000000026b .LASF127
     /tmp/ccQn0qeN.s:3405   .debug_str:000000000000053c .LASF128
     /tmp/ccQn0qeN.s:3393   .debug_str:00000000000004e0 .LASF218
     /tmp/ccQn0qeN.s:3461   .debug_str:0000000000000726 .LASF219
     /tmp/ccQn0qeN.s:3625   .debug_str:0000000000000c5a .LASF129
     /tmp/ccQn0qeN.s:3381   .debug_str:0000000000000486 .LASF130
     /tmp/ccQn0qeN.s:3663   .debug_str:0000000000000d48 .LASF131
     /tmp/ccQn0qeN.s:3397   .debug_str:0000000000000500 .LASF132
     /tmp/ccQn0qeN.s:3261   .debug_str:00000000000000af .LASF133
     /tmp/ccQn0qeN.s:3505   .debug_str:0000000000000842 .LASF134
     /tmp/ccQn0qeN.s:3281   .debug_str:000000000000012b .LASF135
     /tmp/ccQn0qeN.s:3273   .debug_str:00000000000000fd .LASF136
     /tmp/ccQn0qeN.s:3615   .debug_str:0000000000000c0d .LASF137
     /tmp/ccQn0qeN.s:3275   .debug_str:0000000000000102 .LASF138
     /tmp/ccQn0qeN.s:3561   .debug_str:00000000000009b3 .LASF140
     /tmp/ccQn0qeN.s:3395   .debug_str:00000000000004f2 .LASF139
     /tmp/ccQn0qeN.s:3455   .debug_str:00000000000006e2 .LASF141
     /tmp/ccQn0qeN.s:3263   .debug_str:00000000000000bc .LASF142
     /tmp/ccQn0qeN.s:3343   .debug_str:0000000000000361 .LASF143
     /tmp/ccQn0qeN.s:3469   .debug_str:0000000000000750 .LASF144
     /tmp/ccQn0qeN.s:3511   .debug_str:000000000000085e .LASF145
     /tmp/ccQn0qeN.s:3497   .debug_str:000000000000080a .LASF146
     /tmp/ccQn0qeN.s:3609   .debug_str:0000000000000be8 .LASF147
     /tmp/ccQn0qeN.s:3555   .debug_str:000000000000098d .LASF149
     /tmp/ccQn0qeN.s:3487   .debug_str:00000000000007ba .LASF151
     /tmp/ccQn0qeN.s:3647   .debug_str:0000000000000cee .LASF152
     /tmp/ccQn0qeN.s:3635   .debug_str:0000000000000c92 .LASF220
     /tmp/ccQn0qeN.s:3441   .debug_str:0000000000000671 .LASF153
     /tmp/ccQn0qeN.s:3597   .debug_str:0000000000000ac2 .LASF154
     /tmp/ccQn0qeN.s:3379   .debug_str:000000000000047a .LASF155
     /tmp/ccQn0qeN.s:3481   .debug_str:0000000000000793 .LASF156
     /tmp/ccQn0qeN.s:3307   .debug_str:000000000000021e .LASF157
     /tmp/ccQn0qeN.s:3375   .debug_str:0000000000000469 .LASF158
     /tmp/ccQn0qeN.s:3383   .debug_str:000000000000049b .LASF159
     /tmp/ccQn0qeN.s:3627   .debug_str:0000000000000c61 .LASF160
     /tmp/ccQn0qeN.s:3253   .debug_str:0000000000000072 .LASF161
     /tmp/ccQn0qeN.s:3675   .debug_str:0000000000000da9 .LASF162
     /tmp/ccQn0qeN.s:3485   .debug_str:00000000000007a5 .LASF163
GAS LISTING /tmp/ccQn0qeN.s 			page 16


     /tmp/ccQn0qeN.s:3515   .debug_str:0000000000000894 .LASF164
     /tmp/ccQn0qeN.s:3271   .debug_str:00000000000000ea .LASF165
     /tmp/ccQn0qeN.s:3479   .debug_str:000000000000078c .LASF166
     /tmp/ccQn0qeN.s:3417   .debug_str:00000000000005c5 .LASF167
     /tmp/ccQn0qeN.s:3471   .debug_str:0000000000000760 .LASF168
     /tmp/ccQn0qeN.s:3575   .debug_str:0000000000000a2d .LASF169
     /tmp/ccQn0qeN.s:3475   .debug_str:000000000000077f .LASF170
     /tmp/ccQn0qeN.s:3433   .debug_str:0000000000000639 .LASF171
     /tmp/ccQn0qeN.s:3435   .debug_str:000000000000064d .LASF172
     /tmp/ccQn0qeN.s:3521   .debug_str:00000000000008b3 .LASF173
     /tmp/ccQn0qeN.s:3677   .debug_str:0000000000000db2 .LASF174
     /tmp/ccQn0qeN.s:3391   .debug_str:00000000000004cc .LASF175
     /tmp/ccQn0qeN.s:3573   .debug_str:0000000000000a26 .LASF176
     /tmp/ccQn0qeN.s:3549   .debug_str:0000000000000962 .LASF177
     /tmp/ccQn0qeN.s:3551   .debug_str:0000000000000975 .LASF178
     /tmp/ccQn0qeN.s:3299   .debug_str:00000000000001db .LASF179
     /tmp/ccQn0qeN.s:3331   .debug_str:00000000000002d7 .LASF180
     /tmp/ccQn0qeN.s:3593   .debug_str:0000000000000a96 .LASF181
     /tmp/ccQn0qeN.s:3389   .debug_str:00000000000004c6 .LASF182
     /tmp/ccQn0qeN.s:3323   .debug_str:00000000000002b1 .LASF183
     /tmp/ccQn0qeN.s:3349   .debug_str:00000000000003a6 .LASF184
     /tmp/ccQn0qeN.s:3607   .debug_str:0000000000000bd7 .LASF185
     /tmp/ccQn0qeN.s:3257   .debug_str:000000000000008e .LASF186
     /tmp/ccQn0qeN.s:3541   .debug_str:0000000000000933 .LASF187
     /tmp/ccQn0qeN.s:3533   .debug_str:0000000000000903 .LASF188
     /tmp/ccQn0qeN.s:3671   .debug_str:0000000000000d84 .LASF189
     /tmp/ccQn0qeN.s:3649   .debug_str:0000000000000cf4 .LASF190
     /tmp/ccQn0qeN.s:3401   .debug_str:0000000000000514 .LASF191
     /tmp/ccQn0qeN.s:3297   .debug_str:00000000000001d1 .LASF192
     /tmp/ccQn0qeN.s:3453   .debug_str:00000000000006cc .LASF193
     /tmp/ccQn0qeN.s:3653   .debug_str:0000000000000d06 .LASF194
     /tmp/ccQn0qeN.s:3367   .debug_str:0000000000000422 .LASF195
     /tmp/ccQn0qeN.s:3503   .debug_str:000000000000082d .LASF197
     /tmp/ccQn0qeN.s:3409   .debug_str:0000000000000558 .LASF199
     /tmp/ccQn0qeN.s:3279   .debug_str:000000000000011b .LASF200
     /tmp/ccQn0qeN.s:3449   .debug_str:00000000000006a9 .LASF201
     /tmp/ccQn0qeN.s:118    .text:0000000000000070 .LFB58
     /tmp/ccQn0qeN.s:257    .text:000000000000012c .LFE58
     /tmp/ccQn0qeN.s:3399   .debug_str:000000000000050c .LASF206
     /tmp/ccQn0qeN.s:3118   .debug_loc:0000000000000000 .LLST3
     /tmp/ccQn0qeN.s:3651   .debug_str:0000000000000cfe .LASF202
     /tmp/ccQn0qeN.s:3132   .debug_loc:0000000000000039 .LLST4
     /tmp/ccQn0qeN.s:3611   .debug_str:0000000000000bfd .LASF203
     /tmp/ccQn0qeN.s:3139   .debug_loc:000000000000005c .LLST5
     /tmp/ccQn0qeN.s:3161   .debug_loc:00000000000000bb .LLST6
     /tmp/ccQn0qeN.s:135    .text:0000000000000088 .LBB20
     /tmp/ccQn0qeN.s:151    .text:0000000000000094 .LBE20
     /tmp/ccQn0qeN.s:153    .text:0000000000000094 .LBB22
     /tmp/ccQn0qeN.s:165    .text:000000000000009c .LBE22
     /tmp/ccQn0qeN.s:3183   .debug_loc:00000000000000fc .LLST7
     /tmp/ccQn0qeN.s:231    .text:0000000000000110 .LBB24
     /tmp/ccQn0qeN.s:242    .text:0000000000000114 .LBE24
     /tmp/ccQn0qeN.s:3191   .debug_loc:0000000000000120 .LLST8
     /tmp/ccQn0qeN.s:220    .text:0000000000000100 .LVL18
     /tmp/ccQn0qeN.s:3305   .debug_str:000000000000020f .LASF204
     /tmp/ccQn0qeN.s:3259   .debug_str:0000000000000099 .LASF205
     /tmp/ccQn0qeN.s:10     .text:0000000000000000 .LFB57
GAS LISTING /tmp/ccQn0qeN.s 			page 17


     /tmp/ccQn0qeN.s:112    .text:0000000000000070 .LFE57
     /tmp/ccQn0qeN.s:3267   .debug_str:00000000000000d9 .LASF207
     /tmp/ccQn0qeN.s:3198   .debug_loc:0000000000000143 .LLST0
     /tmp/ccQn0qeN.s:27     .text:0000000000000018 .LBB14
     /tmp/ccQn0qeN.s:43     .text:0000000000000024 .LBE14
     /tmp/ccQn0qeN.s:48     .text:0000000000000028 .LBB16
     /tmp/ccQn0qeN.s:61     .text:0000000000000030 .LBE16
     /tmp/ccQn0qeN.s:3209   .debug_loc:0000000000000179 .LLST1
     /tmp/ccQn0qeN.s:87     .text:0000000000000058 .LBB18
     /tmp/ccQn0qeN.s:98     .text:000000000000005c .LBE18
     /tmp/ccQn0qeN.s:3217   .debug_loc:000000000000019d .LLST2
     /tmp/ccQn0qeN.s:71     .text:0000000000000040 .LVL3
     /tmp/ccQn0qeN.s:3639   .debug_str:0000000000000cb2 .LASF208
     /tmp/ccQn0qeN.s:121    .text:0000000000000070 .LVL8
     /tmp/ccQn0qeN.s:175    .text:00000000000000a0 .LVL11
     /tmp/ccQn0qeN.s:149    .text:0000000000000094 .LVL9
     /tmp/ccQn0qeN.s:226    .text:0000000000000108 .LVL19
     /tmp/ccQn0qeN.s:179    .text:00000000000000a4 .LVL12
     /tmp/ccQn0qeN.s:186    .text:00000000000000ac .LVL13
     /tmp/ccQn0qeN.s:197    .text:00000000000000d0 .LVL14
     /tmp/ccQn0qeN.s:207    .text:00000000000000e4 .LVL16
     /tmp/ccQn0qeN.s:212    .text:00000000000000e8 .LVL17
     /tmp/ccQn0qeN.s:203    .text:00000000000000dc .LVL15
     /tmp/ccQn0qeN.s:162    .text:000000000000009c .LVL10
     /tmp/ccQn0qeN.s:230    .text:0000000000000110 .LVL20
     /tmp/ccQn0qeN.s:239    .text:0000000000000114 .LVL21
     /tmp/ccQn0qeN.s:14     .text:0000000000000000 .LVL0
     /tmp/ccQn0qeN.s:57     .text:0000000000000030 .LVL2
     /tmp/ccQn0qeN.s:107    .text:0000000000000068 .LVL7
     /tmp/ccQn0qeN.s:47     .text:0000000000000028 .LVL1
     /tmp/ccQn0qeN.s:86     .text:0000000000000058 .LVL5
     /tmp/ccQn0qeN.s:95     .text:000000000000005c .LVL6
     /tmp/ccQn0qeN.s:276    .debug_info:0000000000000000 .Ldebug_info0

UNDEFINED SYMBOLS
_ZN8kConsole5kputcEc
