GAS LISTING /tmp/cc6zIkHg.s 			page 1


   1              		.file	"scheduler.cpp"
   2              		.option pic
   3              		.option norelax
   4              		.text
   5              	.Ltext0:
   6              		.align	2
   8              	_Z41__static_initialization_and_destruction_0ii:
   9              	.LFB26:
  10              		.file 1 "src/scheduler.cpp"
   1:src/scheduler.cpp **** //
   2:src/scheduler.cpp **** // Created by os on 5/16/24.
   3:src/scheduler.cpp **** //
   4:src/scheduler.cpp **** 
   5:src/scheduler.cpp **** #include "../h/scheduler.hpp"
   6:src/scheduler.cpp **** 
   7:src/scheduler.cpp **** List<TCB> Scheduler::readyThreadQueue;
   8:src/scheduler.cpp **** 
   9:src/scheduler.cpp **** TCB *Scheduler::get()
  10:src/scheduler.cpp **** {
  11:src/scheduler.cpp ****     return readyThreadQueue.removeFirst();
  12:src/scheduler.cpp **** }
  13:src/scheduler.cpp **** 
  14:src/scheduler.cpp **** void Scheduler::put(TCB *ccb)
  15:src/scheduler.cpp **** {
  16:src/scheduler.cpp ****     readyThreadQueue.addLast(ccb);
  17:src/scheduler.cpp **** }...
  11              		.loc 1 17 1
  12              		.cfi_startproc
  13              	.LVL0:
  14 0000 130101FF 		addi	sp,sp,-16
  15              		.cfi_def_cfa_offset 16
  16 0004 23348100 		sd	s0,8(sp)
  17              		.cfi_offset 8, -8
  18 0008 13040101 		addi	s0,sp,16
  19              		.cfi_def_cfa 8, 0
  20              		.loc 1 17 1 is_stmt 0
  21 000c 93071000 		li	a5,1
  22 0010 6308F500 		beq	a0,a5,.L4
  23              	.L1:
  24 0014 03348100 		ld	s0,8(sp)
  25              		.cfi_remember_state
  26              		.cfi_restore 8
  27              		.cfi_def_cfa 2, 16
  28 0018 13010101 		addi	sp,sp,16
  29              		.cfi_def_cfa_offset 0
  30 001c 67800000 		jr	ra
  31              	.L4:
  32              		.cfi_restore_state
  33              		.loc 1 17 1 discriminator 1
  34 0020 B7070100 		li	a5,65536
  35 0024 9387F7FF 		addi	a5,a5,-1
  36 0028 E396F5FE 		bne	a1,a5,.L1
  37              	.LVL1:
  38              	.LBB23:
  39              	.LBB24:
  40              	.LBB25:
  41              		.file 2 "src/../h/../h/list.hpp"
GAS LISTING /tmp/cc6zIkHg.s 			page 2


   1:src/../h/../h/list.hpp **** //
   2:src/../h/../h/list.hpp **** // Created by os on 5/16/24.
   3:src/../h/../h/list.hpp **** //
   4:src/../h/../h/list.hpp **** 
   5:src/../h/../h/list.hpp **** #ifndef PROJECT_BASE_LIST_HPP
   6:src/../h/../h/list.hpp **** #define PROJECT_BASE_LIST_HPP
   7:src/../h/../h/list.hpp **** 
   8:src/../h/../h/list.hpp **** #include "../h/Allocator.hpp"
   9:src/../h/../h/list.hpp **** //Lista preuzeta sa teamsa
  10:src/../h/../h/list.hpp **** 
  11:src/../h/../h/list.hpp **** template<typename T>
  12:src/../h/../h/list.hpp **** class List
  13:src/../h/../h/list.hpp **** {
  14:src/../h/../h/list.hpp **** private:
  15:src/../h/../h/list.hpp ****     struct Elem
  16:src/../h/../h/list.hpp ****     {
  17:src/../h/../h/list.hpp ****         T *data;
  18:src/../h/../h/list.hpp ****         Elem *next;
  19:src/../h/../h/list.hpp **** 
  20:src/../h/../h/list.hpp ****         Elem(T *data, Elem *next) : data(data), next(next) {}
  21:src/../h/../h/list.hpp **** 
  22:src/../h/../h/list.hpp ****         void* operator new(size_t size) {
  23:src/../h/../h/list.hpp ****             return Allocator::_malloc(size);
  24:src/../h/../h/list.hpp ****         }
  25:src/../h/../h/list.hpp **** 
  26:src/../h/../h/list.hpp ****         void operator delete(void* ptr) {
  27:src/../h/../h/list.hpp ****             Allocator::_mem_free(ptr);
  28:src/../h/../h/list.hpp ****         }
  29:src/../h/../h/list.hpp **** 
  30:src/../h/../h/list.hpp ****         void* operator new[](size_t size) {
  31:src/../h/../h/list.hpp ****             return Allocator::_malloc(size);
  32:src/../h/../h/list.hpp ****         }
  33:src/../h/../h/list.hpp **** 
  34:src/../h/../h/list.hpp ****         void operator delete[](void* ptr) {
  35:src/../h/../h/list.hpp ****             Allocator::_mem_free(ptr);
  36:src/../h/../h/list.hpp ****         }
  37:src/../h/../h/list.hpp ****     };
  38:src/../h/../h/list.hpp **** 
  39:src/../h/../h/list.hpp ****     Elem *head, *tail;
  40:src/../h/../h/list.hpp **** 
  41:src/../h/../h/list.hpp **** public:
  42:src/../h/../h/list.hpp ****     friend class TCB;
  43:src/../h/../h/list.hpp ****     friend class Riscv;
  44:src/../h/../h/list.hpp ****     friend class kSemaphore;
  45:src/../h/../h/list.hpp **** 
  46:src/../h/../h/list.hpp ****     List() : head(0), tail(0) {}
  42              		.loc 2 46 29
  43 002c 97070000 		lla	a5,.LANCHOR0
  43      93870700 
  44 0034 23B00700 		sd	zero,0(a5)
  45 0038 23B40700 		sd	zero,8(a5)
  46              	.LVL2:
  47              	.LBE25:
  48              	.LBE24:
  49              	.LBE23:
  50              		.loc 1 17 1
  51 003c 6FF09FFD 		j	.L1
GAS LISTING /tmp/cc6zIkHg.s 			page 3


  52              		.cfi_endproc
  53              	.LFE26:
  55              		.align	2
  56              		.globl	_ZN9Scheduler3getEv
  58              	_ZN9Scheduler3getEv:
  59              	.LFB14:
  10:src/scheduler.cpp **** {
  60              		.loc 1 10 1 is_stmt 1
  61              		.cfi_startproc
  62 0040 130101FE 		addi	sp,sp,-32
  63              		.cfi_def_cfa_offset 32
  64 0044 233C1100 		sd	ra,24(sp)
  65 0048 23388100 		sd	s0,16(sp)
  66 004c 23349100 		sd	s1,8(sp)
  67              		.cfi_offset 1, -8
  68              		.cfi_offset 8, -16
  69              		.cfi_offset 9, -24
  70 0050 13040102 		addi	s0,sp,32
  71              		.cfi_def_cfa 8, 0
  11:src/scheduler.cpp ****     return readyThreadQueue.removeFirst();
  72              		.loc 1 11 5
  73              	.LVL3:
  74              	.LBB26:
  75              	.LBB27:
  47:src/../h/../h/list.hpp **** 
  48:src/../h/../h/list.hpp ****     List(const List<T> &) = delete;
  49:src/../h/../h/list.hpp **** 
  50:src/../h/../h/list.hpp ****     List<T> &operator=(const List<T> &) = delete;
  51:src/../h/../h/list.hpp **** 
  52:src/../h/../h/list.hpp ****     void addFirst(T *data)
  53:src/../h/../h/list.hpp ****     {
  54:src/../h/../h/list.hpp ****         Elem *elem = new Elem(data, head);
  55:src/../h/../h/list.hpp ****         head = elem;
  56:src/../h/../h/list.hpp ****         if (!tail) { tail = head; }
  57:src/../h/../h/list.hpp ****     }
  58:src/../h/../h/list.hpp **** 
  59:src/../h/../h/list.hpp ****     void addLast(T *data)
  60:src/../h/../h/list.hpp ****     {
  61:src/../h/../h/list.hpp ****         Elem *elem = new Elem(data, 0);
  62:src/../h/../h/list.hpp ****         if (tail)
  63:src/../h/../h/list.hpp ****         {
  64:src/../h/../h/list.hpp ****             tail->next = elem;
  65:src/../h/../h/list.hpp ****             tail = elem;
  66:src/../h/../h/list.hpp ****         } else
  67:src/../h/../h/list.hpp ****         {
  68:src/../h/../h/list.hpp ****             head = tail = elem;
  69:src/../h/../h/list.hpp ****         }
  70:src/../h/../h/list.hpp ****     }
  71:src/../h/../h/list.hpp **** 
  72:src/../h/../h/list.hpp ****     T *removeFirst()
  73:src/../h/../h/list.hpp ****     {
  74:src/../h/../h/list.hpp ****         if (!head) { return 0; }
  76              		.loc 2 74 14 is_stmt 0
  77 0054 17050000 		ld	a0,.LANCHOR0
  77      03350500 
  78              		.loc 2 74 9
  79 005c 63020504 		beqz	a0,.L8
GAS LISTING /tmp/cc6zIkHg.s 			page 4


  80              	.LVL4:
  75:src/../h/../h/list.hpp **** 
  76:src/../h/../h/list.hpp ****         Elem *elem = head;
  77:src/../h/../h/list.hpp ****         head = head->next;
  81              		.loc 2 77 22
  82 0060 83378500 		ld	a5,8(a0)
  83              		.loc 2 77 9
  84 0064 17070000 		sd	a5,.LANCHOR0,a4
  84      2330F700 
  78:src/../h/../h/list.hpp ****         if (!head) { tail = 0; }
  85              		.loc 2 78 9
  86 006c 63840702 		beqz	a5,.L10
  87              	.L7:
  79:src/../h/../h/list.hpp **** 
  80:src/../h/../h/list.hpp ****         T *ret = elem->data;
  88              		.loc 2 80 12
  89 0070 83340500 		ld	s1,0(a0)
  90              	.LVL5:
  91              	.LBB28:
  92              	.LBB29:
  27:src/../h/../h/list.hpp ****         }
  93              		.loc 2 27 33
  94 0074 97000000 		call	_ZN9Allocator9_mem_freeEPv@plt
  94      E7800000 
  95              	.LVL6:
  96              	.L5:
  97              	.LBE29:
  98              	.LBE28:
  99              	.LBE27:
 100              	.LBE26:
  12:src/scheduler.cpp **** }
 101              		.loc 1 12 1
 102 007c 13850400 		mv	a0,s1
 103 0080 83308101 		ld	ra,24(sp)
 104              		.cfi_remember_state
 105              		.cfi_restore 1
 106 0084 03340101 		ld	s0,16(sp)
 107              		.cfi_restore 8
 108              		.cfi_def_cfa 2, 32
 109 0088 83348100 		ld	s1,8(sp)
 110              		.cfi_restore 9
 111 008c 13010102 		addi	sp,sp,32
 112              		.cfi_def_cfa_offset 0
 113 0090 67800000 		jr	ra
 114              	.LVL7:
 115              	.L10:
 116              		.cfi_restore_state
 117              	.LBB31:
 118              	.LBB30:
  78:src/../h/../h/list.hpp **** 
 119              		.loc 2 78 22
 120 0094 97070000 		sd	zero,.LANCHOR0+8,a5
 120      23B00700 
 121 009c 6FF05FFD 		j	.L7
 122              	.LVL8:
 123              	.L8:
  74:src/../h/../h/list.hpp **** 
GAS LISTING /tmp/cc6zIkHg.s 			page 5


 124              		.loc 2 74 29
 125 00a0 93040500 		mv	s1,a0
 126              	.LVL9:
 127              	.LBE30:
 128              	.LBE31:
  11:src/scheduler.cpp ****     return readyThreadQueue.removeFirst();
 129              		.loc 1 11 41
 130 00a4 6FF09FFD 		j	.L5
 131              		.cfi_endproc
 132              	.LFE14:
 134              		.align	2
 135              		.globl	_ZN9Scheduler3putEP3TCB
 137              	_ZN9Scheduler3putEP3TCB:
 138              	.LFB15:
  15:src/scheduler.cpp **** {
 139              		.loc 1 15 1 is_stmt 1
 140              		.cfi_startproc
 141              	.LVL10:
 142 00a8 130101FE 		addi	sp,sp,-32
 143              		.cfi_def_cfa_offset 32
 144 00ac 233C1100 		sd	ra,24(sp)
 145 00b0 23388100 		sd	s0,16(sp)
 146 00b4 23349100 		sd	s1,8(sp)
 147              		.cfi_offset 1, -8
 148              		.cfi_offset 8, -16
 149              		.cfi_offset 9, -24
 150 00b8 13040102 		addi	s0,sp,32
 151              		.cfi_def_cfa 8, 0
 152 00bc 93040500 		mv	s1,a0
  16:src/scheduler.cpp ****     readyThreadQueue.addLast(ccb);
 153              		.loc 1 16 5
 154              	.LVL11:
 155              	.LBB32:
 156              	.LBB33:
 157              	.LBB34:
 158              	.LBB35:
  23:src/../h/../h/list.hpp ****         }
 159              		.loc 2 23 38 is_stmt 0
 160 00c0 13050001 		li	a0,16
 161              	.LVL12:
 162 00c4 97000000 		call	_ZN9Allocator7_mallocEm@plt
 162      E7800000 
 163              	.LVL13:
 164              	.LBE35:
 165              	.LBE34:
 166              	.LBB36:
 167              	.LBB37:
  20:src/../h/../h/list.hpp **** 
 168              		.loc 2 20 58
 169 00cc 23309500 		sd	s1,0(a0)
 170 00d0 23340500 		sd	zero,8(a0)
 171              	.LVL14:
 172              	.LBE37:
 173              	.LBE36:
  62:src/../h/../h/list.hpp ****         {
 174              		.loc 2 62 13
 175 00d4 97070000 		ld	a5,.LANCHOR0+8
GAS LISTING /tmp/cc6zIkHg.s 			page 6


 175      83B70700 
  62:src/../h/../h/list.hpp ****         {
 176              		.loc 2 62 9
 177 00dc 63820702 		beqz	a5,.L12
  64:src/../h/../h/list.hpp ****             tail = elem;
 178              		.loc 2 64 13
 179 00e0 23B4A700 		sd	a0,8(a5)
  65:src/../h/../h/list.hpp ****         } else
 180              		.loc 2 65 13
 181 00e4 97070000 		sd	a0,.LANCHOR0+8,a5
 181      23B0A700 
 182              	.LVL15:
 183              	.L11:
 184              	.LBE33:
 185              	.LBE32:
 186              		.loc 1 17 1
 187 00ec 83308101 		ld	ra,24(sp)
 188              		.cfi_remember_state
 189              		.cfi_restore 1
 190 00f0 03340101 		ld	s0,16(sp)
 191              		.cfi_restore 8
 192              		.cfi_def_cfa 2, 32
 193 00f4 83348100 		ld	s1,8(sp)
 194              		.cfi_restore 9
 195              	.LVL16:
 196 00f8 13010102 		addi	sp,sp,32
 197              		.cfi_def_cfa_offset 0
 198 00fc 67800000 		jr	ra
 199              	.LVL17:
 200              	.L12:
 201              		.cfi_restore_state
 202              	.LBB39:
 203              	.LBB38:
  68:src/../h/../h/list.hpp ****         }
 204              		.loc 2 68 13
 205 0100 97070000 		lla	a5,.LANCHOR0
 205      93870700 
 206 0108 23B4A700 		sd	a0,8(a5)
 207 010c 23B0A700 		sd	a0,0(a5)
 208              	.LVL18:
 209              	.LBE38:
 210              	.LBE39:
 211              		.loc 1 17 1
 212 0110 6FF0DFFD 		j	.L11
 213              		.cfi_endproc
 214              	.LFE15:
 216              		.align	2
 218              	_GLOBAL__sub_I__ZN9Scheduler16readyThreadQueueE:
 219              	.LFB27:
 220              		.loc 1 17 1 is_stmt 1
 221              		.cfi_startproc
 222 0114 130101FF 		addi	sp,sp,-16
 223              		.cfi_def_cfa_offset 16
 224 0118 23341100 		sd	ra,8(sp)
 225 011c 23308100 		sd	s0,0(sp)
 226              		.cfi_offset 1, -8
 227              		.cfi_offset 8, -16
GAS LISTING /tmp/cc6zIkHg.s 			page 7


 228 0120 13040101 		addi	s0,sp,16
 229              		.cfi_def_cfa 8, 0
 230              		.loc 1 17 1 is_stmt 0
 231 0124 B7050100 		li	a1,65536
 232 0128 9385F5FF 		addi	a1,a1,-1
 233 012c 13051000 		li	a0,1
 234 0130 97000000 		call	_Z41__static_initialization_and_destruction_0ii
 234      E7800000 
 235              	.LVL19:
 236 0138 83308100 		ld	ra,8(sp)
 237              		.cfi_restore 1
 238 013c 03340100 		ld	s0,0(sp)
 239              		.cfi_restore 8
 240              		.cfi_def_cfa 2, 16
 241 0140 13010101 		addi	sp,sp,16
 242              		.cfi_def_cfa_offset 0
 243 0144 67800000 		jr	ra
 244              		.cfi_endproc
 245              	.LFE27:
 247              		.section	.init_array,"aw"
 248              		.align	3
 249 0000 00000000 		.dword	_GLOBAL__sub_I__ZN9Scheduler16readyThreadQueueE
 249      00000000 
 250              		.globl	_ZN9Scheduler16readyThreadQueueE
 251              		.bss
 252              		.align	3
 253              		.set	.LANCHOR0,. + 0
 256              	_ZN9Scheduler16readyThreadQueueE:
 257 0000 00000000 		.zero	16
 257      00000000 
 257      00000000 
 257      00000000 
 258              		.text
 259              	.Letext0:
 260              		.file 3 "src/../h/../h/../h/../lib/hw.h"
 261              		.file 4 "src/../h/../h/../h/Allocator.hpp"
 262              		.file 5 "src/../h/scheduler.hpp"
GAS LISTING /tmp/cc6zIkHg.s 			page 8


DEFINED SYMBOLS
                            *ABS*:0000000000000000 scheduler.cpp
     /tmp/cc6zIkHg.s:8      .text:0000000000000000 _Z41__static_initialization_and_destruction_0ii
     /tmp/cc6zIkHg.s:12     .text:0000000000000000 .L0 
     /tmp/cc6zIkHg.s:14     .text:0000000000000000 .L0 
     /tmp/cc6zIkHg.s:15     .text:0000000000000004 .L0 
     /tmp/cc6zIkHg.s:17     .text:0000000000000008 .L0 
     /tmp/cc6zIkHg.s:19     .text:000000000000000c .L0 
     /tmp/cc6zIkHg.s:21     .text:000000000000000c .L0 
     /tmp/cc6zIkHg.s:25     .text:0000000000000018 .L0 
     /tmp/cc6zIkHg.s:26     .text:0000000000000018 .L0 
     /tmp/cc6zIkHg.s:27     .text:0000000000000018 .L0 
     /tmp/cc6zIkHg.s:29     .text:000000000000001c .L0 
     /tmp/cc6zIkHg.s:32     .text:0000000000000020 .L0 
     /tmp/cc6zIkHg.s:34     .text:0000000000000020 .L0 
     /tmp/cc6zIkHg.s:43     .text:000000000000002c .L0 
     /tmp/cc6zIkHg.s:51     .text:000000000000003c .L0 
     /tmp/cc6zIkHg.s:52     .text:0000000000000040 .L0 
     /tmp/cc6zIkHg.s:58     .text:0000000000000040 _ZN9Scheduler3getEv
     /tmp/cc6zIkHg.s:61     .text:0000000000000040 .L0 
     /tmp/cc6zIkHg.s:62     .text:0000000000000040 .L0 
     /tmp/cc6zIkHg.s:63     .text:0000000000000044 .L0 
     /tmp/cc6zIkHg.s:67     .text:0000000000000050 .L0 
     /tmp/cc6zIkHg.s:68     .text:0000000000000050 .L0 
     /tmp/cc6zIkHg.s:69     .text:0000000000000050 .L0 
     /tmp/cc6zIkHg.s:71     .text:0000000000000054 .L0 
     /tmp/cc6zIkHg.s:76     .text:0000000000000054 .L0 
     /tmp/cc6zIkHg.s:77     .text:0000000000000054 .L0 
     /tmp/cc6zIkHg.s:79     .text:000000000000005c .L0 
     /tmp/cc6zIkHg.s:82     .text:0000000000000060 .L0 
     /tmp/cc6zIkHg.s:84     .text:0000000000000064 .L0 
     /tmp/cc6zIkHg.s:86     .text:000000000000006c .L0 
     /tmp/cc6zIkHg.s:89     .text:0000000000000070 .L0 
     /tmp/cc6zIkHg.s:94     .text:0000000000000074 .L0 
     /tmp/cc6zIkHg.s:102    .text:000000000000007c .L0 
     /tmp/cc6zIkHg.s:104    .text:0000000000000084 .L0 
     /tmp/cc6zIkHg.s:105    .text:0000000000000084 .L0 
     /tmp/cc6zIkHg.s:107    .text:0000000000000088 .L0 
     /tmp/cc6zIkHg.s:108    .text:0000000000000088 .L0 
     /tmp/cc6zIkHg.s:110    .text:000000000000008c .L0 
     /tmp/cc6zIkHg.s:112    .text:0000000000000090 .L0 
     /tmp/cc6zIkHg.s:116    .text:0000000000000094 .L0 
     /tmp/cc6zIkHg.s:120    .text:0000000000000094 .L0 
     /tmp/cc6zIkHg.s:125    .text:00000000000000a0 .L0 
     /tmp/cc6zIkHg.s:130    .text:00000000000000a4 .L0 
     /tmp/cc6zIkHg.s:131    .text:00000000000000a8 .L0 
     /tmp/cc6zIkHg.s:137    .text:00000000000000a8 _ZN9Scheduler3putEP3TCB
     /tmp/cc6zIkHg.s:140    .text:00000000000000a8 .L0 
     /tmp/cc6zIkHg.s:142    .text:00000000000000a8 .L0 
     /tmp/cc6zIkHg.s:143    .text:00000000000000ac .L0 
     /tmp/cc6zIkHg.s:147    .text:00000000000000b8 .L0 
     /tmp/cc6zIkHg.s:148    .text:00000000000000b8 .L0 
     /tmp/cc6zIkHg.s:149    .text:00000000000000b8 .L0 
     /tmp/cc6zIkHg.s:151    .text:00000000000000bc .L0 
     /tmp/cc6zIkHg.s:159    .text:00000000000000c0 .L0 
     /tmp/cc6zIkHg.s:160    .text:00000000000000c0 .L0 
     /tmp/cc6zIkHg.s:169    .text:00000000000000cc .L0 
GAS LISTING /tmp/cc6zIkHg.s 			page 9


     /tmp/cc6zIkHg.s:175    .text:00000000000000d4 .L0 
     /tmp/cc6zIkHg.s:177    .text:00000000000000dc .L0 
     /tmp/cc6zIkHg.s:179    .text:00000000000000e0 .L0 
     /tmp/cc6zIkHg.s:181    .text:00000000000000e4 .L0 
     /tmp/cc6zIkHg.s:187    .text:00000000000000ec .L0 
     /tmp/cc6zIkHg.s:188    .text:00000000000000f0 .L0 
     /tmp/cc6zIkHg.s:189    .text:00000000000000f0 .L0 
     /tmp/cc6zIkHg.s:191    .text:00000000000000f4 .L0 
     /tmp/cc6zIkHg.s:192    .text:00000000000000f4 .L0 
     /tmp/cc6zIkHg.s:194    .text:00000000000000f8 .L0 
     /tmp/cc6zIkHg.s:197    .text:00000000000000fc .L0 
     /tmp/cc6zIkHg.s:201    .text:0000000000000100 .L0 
     /tmp/cc6zIkHg.s:205    .text:0000000000000100 .L0 
     /tmp/cc6zIkHg.s:212    .text:0000000000000110 .L0 
     /tmp/cc6zIkHg.s:213    .text:0000000000000114 .L0 
     /tmp/cc6zIkHg.s:218    .text:0000000000000114 _GLOBAL__sub_I__ZN9Scheduler16readyThreadQueueE
     /tmp/cc6zIkHg.s:221    .text:0000000000000114 .L0 
     /tmp/cc6zIkHg.s:222    .text:0000000000000114 .L0 
     /tmp/cc6zIkHg.s:223    .text:0000000000000118 .L0 
     /tmp/cc6zIkHg.s:226    .text:0000000000000120 .L0 
     /tmp/cc6zIkHg.s:227    .text:0000000000000120 .L0 
     /tmp/cc6zIkHg.s:229    .text:0000000000000124 .L0 
     /tmp/cc6zIkHg.s:231    .text:0000000000000124 .L0 
     /tmp/cc6zIkHg.s:237    .text:000000000000013c .L0 
     /tmp/cc6zIkHg.s:239    .text:0000000000000140 .L0 
     /tmp/cc6zIkHg.s:240    .text:0000000000000140 .L0 
     /tmp/cc6zIkHg.s:242    .text:0000000000000144 .L0 
     /tmp/cc6zIkHg.s:244    .text:0000000000000148 .L0 
     /tmp/cc6zIkHg.s:256    .bss:0000000000000000 _ZN9Scheduler16readyThreadQueueE
     /tmp/cc6zIkHg.s:253    .bss:0000000000000000 .LANCHOR0
     /tmp/cc6zIkHg.s:263    .text:0000000000000148 .L0 
     /tmp/cc6zIkHg.s:43     .text:000000000000002c .L0 
     /tmp/cc6zIkHg.s:77     .text:0000000000000054 .L0 
     /tmp/cc6zIkHg.s:84     .text:0000000000000064 .L0 
     /tmp/cc6zIkHg.s:120    .text:0000000000000094 .L0 
     /tmp/cc6zIkHg.s:175    .text:00000000000000d4 .L0 
     /tmp/cc6zIkHg.s:181    .text:00000000000000e4 .L0 
     /tmp/cc6zIkHg.s:205    .text:0000000000000100 .L0 
     /tmp/cc6zIkHg.s:31     .text:0000000000000020 .L4
     /tmp/cc6zIkHg.s:23     .text:0000000000000014 .L1
     /tmp/cc6zIkHg.s:123    .text:00000000000000a0 .L8
     /tmp/cc6zIkHg.s:115    .text:0000000000000094 .L10
     /tmp/cc6zIkHg.s:87     .text:0000000000000070 .L7
     /tmp/cc6zIkHg.s:96     .text:000000000000007c .L5
     /tmp/cc6zIkHg.s:200    .text:0000000000000100 .L12
     /tmp/cc6zIkHg.s:183    .text:00000000000000ec .L11
     /tmp/cc6zIkHg.s:1091   .debug_abbrev:0000000000000000 .Ldebug_abbrev0
     /tmp/cc6zIkHg.s:2323   .debug_str:00000000000004cf .LASF68
     /tmp/cc6zIkHg.s:2341   .debug_str:00000000000005ee .LASF69
     /tmp/cc6zIkHg.s:2209   .debug_str:00000000000000e7 .LASF70
     /tmp/cc6zIkHg.s:5      .text:0000000000000000 .Ltext0
     /tmp/cc6zIkHg.s:259    .text:0000000000000148 .Letext0
     /tmp/cc6zIkHg.s:2185   .debug_line:0000000000000000 .Ldebug_line0
     /tmp/cc6zIkHg.s:2277   .debug_str:000000000000036e .LASF0
     /tmp/cc6zIkHg.s:2285   .debug_str:00000000000003a3 .LASF1
     /tmp/cc6zIkHg.s:2267   .debug_str:000000000000030f .LASF2
     /tmp/cc6zIkHg.s:2245   .debug_str:0000000000000267 .LASF4
GAS LISTING /tmp/cc6zIkHg.s 			page 10


     /tmp/cc6zIkHg.s:2309   .debug_str:0000000000000466 .LASF3
     /tmp/cc6zIkHg.s:2195   .debug_str:0000000000000075 .LASF5
     /tmp/cc6zIkHg.s:2287   .debug_str:00000000000003b6 .LASF6
     /tmp/cc6zIkHg.s:2275   .debug_str:000000000000035b .LASF7
     /tmp/cc6zIkHg.s:2335   .debug_str:00000000000005c7 .LASF8
     /tmp/cc6zIkHg.s:2237   .debug_str:0000000000000229 .LASF9
     /tmp/cc6zIkHg.s:2293   .debug_str:00000000000003d8 .LASF10
     /tmp/cc6zIkHg.s:2327   .debug_str:000000000000059f .LASF11
     /tmp/cc6zIkHg.s:2197   .debug_str:000000000000007c .LASF12
     /tmp/cc6zIkHg.s:2189   .debug_str:000000000000001e .LASF13
     /tmp/cc6zIkHg.s:2207   .debug_str:00000000000000db .LASF14
     /tmp/cc6zIkHg.s:2305   .debug_str:000000000000044b .LASF15
     /tmp/cc6zIkHg.s:2217   .debug_str:0000000000000156 .LASF16
     /tmp/cc6zIkHg.s:2339   .debug_str:00000000000005e4 .LASF24
     /tmp/cc6zIkHg.s:2199   .debug_str:000000000000008c .LASF28
     /tmp/cc6zIkHg.s:2343   .debug_str:0000000000000600 .LASF17
     /tmp/cc6zIkHg.s:2317   .debug_str:00000000000004a0 .LASF18
     /tmp/cc6zIkHg.s:2283   .debug_str:0000000000000399 .LASF19
     /tmp/cc6zIkHg.s:2221   .debug_str:0000000000000184 .LASF39
     /tmp/cc6zIkHg.s:2289   .debug_str:00000000000003c9 .LASF71
     /tmp/cc6zIkHg.s:2269   .debug_str:000000000000031d .LASF72
     /tmp/cc6zIkHg.s:2331   .debug_str:00000000000005b3 .LASF20
     /tmp/cc6zIkHg.s:2249   .debug_str:0000000000000279 .LASF22
     /tmp/cc6zIkHg.s:2261   .debug_str:00000000000002e8 .LASF21
     /tmp/cc6zIkHg.s:2347   .debug_str:000000000000061e .LASF23
     /tmp/cc6zIkHg.s:2311   .debug_str:0000000000000478 .LASF26
     /tmp/cc6zIkHg.s:2215   .debug_str:0000000000000130 .LASF35
     /tmp/cc6zIkHg.s:2291   .debug_str:00000000000003ce .LASF25
     /tmp/cc6zIkHg.s:2231   .debug_str:0000000000000200 .LASF73
     /tmp/cc6zIkHg.s:2241   .debug_str:000000000000024e .LASF74
     /tmp/cc6zIkHg.s:2205   .debug_str:00000000000000c3 .LASF75
     /tmp/cc6zIkHg.s:2259   .debug_str:00000000000002de .LASF27
     /tmp/cc6zIkHg.s:2329   .debug_str:00000000000005ae .LASF29
     /tmp/cc6zIkHg.s:2301   .debug_str:000000000000042f .LASF30
     /tmp/cc6zIkHg.s:2271   .debug_str:0000000000000332 .LASF32
     /tmp/cc6zIkHg.s:2337   .debug_str:00000000000005d7 .LASF31
     /tmp/cc6zIkHg.s:2219   .debug_str:000000000000016c .LASF33
     /tmp/cc6zIkHg.s:2313   .debug_str:000000000000047d .LASF34
     /tmp/cc6zIkHg.s:2295   .debug_str:00000000000003e7 .LASF36
     /tmp/cc6zIkHg.s:2233   .debug_str:0000000000000211 .LASF37
     /tmp/cc6zIkHg.s:2265   .debug_str:00000000000002f7 .LASF38
     /tmp/cc6zIkHg.s:2315   .debug_str:000000000000048d .LASF76
     /tmp/cc6zIkHg.s:2345   .debug_str:0000000000000605 .LASF77
     /tmp/cc6zIkHg.s:2263   .debug_str:00000000000002f2 .LASF40
     /tmp/cc6zIkHg.s:2243   .debug_str:0000000000000262 .LASF41
     /tmp/cc6zIkHg.s:2279   .debug_str:000000000000037b .LASF42
     /tmp/cc6zIkHg.s:2303   .debug_str:0000000000000434 .LASF48
     /tmp/cc6zIkHg.s:2273   .debug_str:0000000000000351 .LASF78
     /tmp/cc6zIkHg.s:2239   .debug_str:0000000000000237 .LASF79
     /tmp/cc6zIkHg.s:2321   .debug_str:00000000000004c6 .LASF43
     /tmp/cc6zIkHg.s:2227   .debug_str:00000000000001d5 .LASF44
     /tmp/cc6zIkHg.s:2235   .debug_str:0000000000000221 .LASF45
     /tmp/cc6zIkHg.s:2225   .debug_str:00000000000001b9 .LASF46
     /tmp/cc6zIkHg.s:2325   .debug_str:0000000000000593 .LASF47
     /tmp/cc6zIkHg.s:2187   .debug_str:0000000000000000 .LASF49
     /tmp/cc6zIkHg.s:2203   .debug_str:00000000000000b9 .LASF50
     /tmp/cc6zIkHg.s:2253   .debug_str:00000000000002ab .LASF51
GAS LISTING /tmp/cc6zIkHg.s 			page 11


     /tmp/cc6zIkHg.s:2281   .debug_str:000000000000038e .LASF52
     /tmp/cc6zIkHg.s:2193   .debug_str:0000000000000058 .LASF53
     /tmp/cc6zIkHg.s:2255   .debug_str:00000000000002c6 .LASF54
     /tmp/cc6zIkHg.s:2251   .debug_str:0000000000000291 .LASF55
     /tmp/cc6zIkHg.s:2229   .debug_str:00000000000001f2 .LASF56
     /tmp/cc6zIkHg.s:2191   .debug_str:000000000000002e .LASF57
     /tmp/cc6zIkHg.s:2333   .debug_str:00000000000005bb .LASF58
     /tmp/cc6zIkHg.s:2319   .debug_str:00000000000004a5 .LASF59
     /tmp/cc6zIkHg.s:2201   .debug_str:0000000000000098 .LASF80
     /tmp/cc6zIkHg.s:2223   .debug_str:0000000000000189 .LASF60
     /tmp/cc6zIkHg.s:219    .text:0000000000000114 .LFB27
     /tmp/cc6zIkHg.s:245    .text:0000000000000148 .LFE27
     /tmp/cc6zIkHg.s:235    .text:0000000000000138 .LVL19
     /tmp/cc6zIkHg.s:2297   .debug_str:0000000000000400 .LASF61
     /tmp/cc6zIkHg.s:9      .text:0000000000000000 .LFB26
     /tmp/cc6zIkHg.s:53     .text:0000000000000040 .LFE26
     /tmp/cc6zIkHg.s:2257   .debug_str:00000000000002cf .LASF62
     /tmp/cc6zIkHg.s:2247   .debug_str:000000000000026e .LASF63
     /tmp/cc6zIkHg.s:38     .text:000000000000002c .LBB23
     /tmp/cc6zIkHg.s:49     .text:000000000000003c .LBE23
     /tmp/cc6zIkHg.s:2027   .debug_loc:0000000000000000 .LLST0
     /tmp/cc6zIkHg.s:2299   .debug_str:000000000000042a .LASF64
     /tmp/cc6zIkHg.s:2213   .debug_str:0000000000000111 .LASF66
     /tmp/cc6zIkHg.s:2307   .debug_str:0000000000000461 .LASF65
     /tmp/cc6zIkHg.s:2211   .debug_str:00000000000000fe .LASF67
     /tmp/cc6zIkHg.s:138    .text:00000000000000a8 .LFB15
     /tmp/cc6zIkHg.s:214    .text:0000000000000114 .LFE15
     /tmp/cc6zIkHg.s:2036   .debug_loc:000000000000002c .LLST5
     /tmp/cc6zIkHg.s:155    .text:00000000000000c0 .LBB32
     /tmp/cc6zIkHg.s:2171   .debug_ranges:0000000000000000 .Ldebug_ranges0
     /tmp/cc6zIkHg.s:2058   .debug_loc:000000000000008b .LLST6
     /tmp/cc6zIkHg.s:2073   .debug_loc:00000000000000d4 .LLST7
     /tmp/cc6zIkHg.s:157    .text:00000000000000c0 .LBB34
     /tmp/cc6zIkHg.s:165    .text:00000000000000cc .LBE34
     /tmp/cc6zIkHg.s:2088   .debug_loc:000000000000011c .LLST8
     /tmp/cc6zIkHg.s:163    .text:00000000000000cc .LVL13
     /tmp/cc6zIkHg.s:166    .text:00000000000000cc .LBB36
     /tmp/cc6zIkHg.s:173    .text:00000000000000d4 .LBE36
     /tmp/cc6zIkHg.s:2096   .debug_loc:0000000000000140 .LLST9
     /tmp/cc6zIkHg.s:2104   .debug_loc:0000000000000164 .LLST10
     /tmp/cc6zIkHg.s:2111   .debug_loc:0000000000000187 .LLST11
     /tmp/cc6zIkHg.s:59     .text:0000000000000040 .LFB14
     /tmp/cc6zIkHg.s:132    .text:00000000000000a8 .LFE14
     /tmp/cc6zIkHg.s:74     .text:0000000000000054 .LBB26
     /tmp/cc6zIkHg.s:2118   .debug_loc:00000000000001aa .LLST1
     /tmp/cc6zIkHg.s:2133   .debug_loc:00000000000001f2 .LLST2
     /tmp/cc6zIkHg.s:2144   .debug_loc:0000000000000228 .LLST3
     /tmp/cc6zIkHg.s:91     .text:0000000000000074 .LBB28
     /tmp/cc6zIkHg.s:98     .text:000000000000007c .LBE28
     /tmp/cc6zIkHg.s:2151   .debug_loc:000000000000024b .LLST4
     /tmp/cc6zIkHg.s:95     .text:000000000000007c .LVL6
     /tmp/cc6zIkHg.s:37     .text:000000000000002c .LVL1
     /tmp/cc6zIkHg.s:46     .text:000000000000003c .LVL2
     /tmp/cc6zIkHg.s:141    .text:00000000000000a8 .LVL10
     /tmp/cc6zIkHg.s:161    .text:00000000000000c4 .LVL12
     /tmp/cc6zIkHg.s:195    .text:00000000000000f8 .LVL16
     /tmp/cc6zIkHg.s:199    .text:0000000000000100 .LVL17
GAS LISTING /tmp/cc6zIkHg.s 			page 12


     /tmp/cc6zIkHg.s:154    .text:00000000000000c0 .LVL11
     /tmp/cc6zIkHg.s:182    .text:00000000000000ec .LVL15
     /tmp/cc6zIkHg.s:208    .text:0000000000000110 .LVL18
     /tmp/cc6zIkHg.s:171    .text:00000000000000d4 .LVL14
     /tmp/cc6zIkHg.s:73     .text:0000000000000054 .LVL3
     /tmp/cc6zIkHg.s:114    .text:0000000000000094 .LVL7
     /tmp/cc6zIkHg.s:126    .text:00000000000000a4 .LVL9
     /tmp/cc6zIkHg.s:80     .text:0000000000000060 .LVL4
     /tmp/cc6zIkHg.s:122    .text:00000000000000a0 .LVL8
     /tmp/cc6zIkHg.s:90     .text:0000000000000074 .LVL5
     /tmp/cc6zIkHg.s:264    .debug_info:0000000000000000 .Ldebug_info0
     /tmp/cc6zIkHg.s:100    .text:000000000000007c .LBE26
     /tmp/cc6zIkHg.s:117    .text:0000000000000094 .LBB31
     /tmp/cc6zIkHg.s:128    .text:00000000000000a4 .LBE31
     /tmp/cc6zIkHg.s:185    .text:00000000000000ec .LBE32
     /tmp/cc6zIkHg.s:202    .text:0000000000000100 .LBB39
     /tmp/cc6zIkHg.s:210    .text:0000000000000110 .LBE39

UNDEFINED SYMBOLS
_ZN9Allocator9_mem_freeEPv
_ZN9Allocator7_mallocEm
